[0.232s] Invoking command in '/home/thilaks/ROS2/Codelta_ws/build/delta_gz_sim_cpp': CMAKE_PREFIX_PATH=${CMAKE_PREFIX_PATH}:/opt/ros/humble /usr/bin/cmake /home/thilaks/ROS2/Codelta_ws/src/delta_gz_sim_cpp -DCMAKE_INSTALL_PREFIX=/home/thilaks/ROS2/Codelta_ws/install/delta_gz_sim_cpp
[0.307s] -- The C compiler identification is GNU 11.4.0
[0.369s] -- The CXX compiler identification is GNU 11.4.0
[0.386s] -- Detecting C compiler ABI info
[0.481s] -- Detecting C compiler ABI info - done
[0.489s] -- Check for working C compiler: /usr/bin/cc - skipped
[0.489s] -- Detecting C compile features
[0.489s] -- Detecting C compile features - done
[0.492s] -- Detecting CXX compiler ABI info
[0.585s] -- Detecting CXX compiler ABI info - done
[0.591s] -- Check for working CXX compiler: /usr/bin/c++ - skipped
[0.592s] -- Detecting CXX compile features
[0.592s] -- Detecting CXX compile features - done
[0.595s] -- Found ament_cmake: 1.3.11 (/opt/ros/humble/share/ament_cmake/cmake)
[0.741s] -- Found Python3: /usr/bin/python3 (found version "3.10.12") found components: Interpreter 
[0.870s] [31mCMake Error at CMakeLists.txt:5 (find_package):
[0.870s]   By not providing "Finddelta_gz_sim_cpp.cmake" in CMAKE_MODULE_PATH this
[0.871s]   project has asked CMake to find a package configuration file provided by
[0.871s]   "delta_gz_sim_cpp", but CMake did not find one.
[0.871s] 
[0.871s]   Could not find a package configuration file provided by "delta_gz_sim_cpp"
[0.871s]   with any of the following names:
[0.871s] 
[0.871s]     delta_gz_sim_cppConfig.cmake
[0.871s]     delta_gz_sim_cpp-config.cmake
[0.871s] 
[0.871s]   Add the installation prefix of "delta_gz_sim_cpp" to CMAKE_PREFIX_PATH or
[0.871s]   set "delta_gz_sim_cpp_DIR" to a directory containing one of the above
[0.872s]   files.  If "delta_gz_sim_cpp" provides a separate development package or
[0.872s]   SDK, be sure it has been installed.
[0.872s] 
[0.872s] [0m
[0.872s] -- Configuring incomplete, errors occurred!
[0.872s] See also "/home/thilaks/ROS2/Codelta_ws/build/delta_gz_sim_cpp/CMakeFiles/CMakeOutput.log".
[0.875s] Invoked command in '/home/thilaks/ROS2/Codelta_ws/build/delta_gz_sim_cpp' returned '1': CMAKE_PREFIX_PATH=${CMAKE_PREFIX_PATH}:/opt/ros/humble /usr/bin/cmake /home/thilaks/ROS2/Codelta_ws/src/delta_gz_sim_cpp -DCMAKE_INSTALL_PREFIX=/home/thilaks/ROS2/Codelta_ws/install/delta_gz_sim_cpp
