[0.569s] Invoking command in '/home/thilaks/ROS2/Codelta_ws/src/delta_gz_sim': PYTHONPATH=/home/thilaks/ROS2/Codelta_ws/build/delta_gz_sim/prefix_override:/usr/lib/python3/dist-packages/colcon_core/task/python/colcon_distutils_commands:/home/thilaks/ROS2/Codelta_ws/install/delta_gz_sim/lib/python3.10/site-packages:${PYTHONPATH} /usr/bin/python3 -W ignore:setup.py install is deprecated -W ignore:easy_install command is deprecated setup.py egg_info --egg-base ../../build/delta_gz_sim build --build-base /home/thilaks/ROS2/Codelta_ws/build/delta_gz_sim/build install --record /home/thilaks/ROS2/Codelta_ws/build/delta_gz_sim/install.log --single-version-externally-managed install_data
[0.761s] running egg_info
[0.762s] writing ../../build/delta_gz_sim/delta_gz_sim.egg-info/PKG-INFO
[0.762s] writing dependency_links to ../../build/delta_gz_sim/delta_gz_sim.egg-info/dependency_links.txt
[0.762s] writing entry points to ../../build/delta_gz_sim/delta_gz_sim.egg-info/entry_points.txt
[0.762s] writing requirements to ../../build/delta_gz_sim/delta_gz_sim.egg-info/requires.txt
[0.762s] writing top-level names to ../../build/delta_gz_sim/delta_gz_sim.egg-info/top_level.txt
[0.764s] reading manifest file '../../build/delta_gz_sim/delta_gz_sim.egg-info/SOURCES.txt'
[0.764s] writing manifest file '../../build/delta_gz_sim/delta_gz_sim.egg-info/SOURCES.txt'
[0.765s] running build
[0.765s] running build_py
[0.765s] running install
[0.765s] running install_lib
[0.766s] running install_data
[0.766s] running install_egg_info
[0.767s] removing '/home/thilaks/ROS2/Codelta_ws/install/delta_gz_sim/lib/python3.10/site-packages/delta_gz_sim-0.0.0-py3.10.egg-info' (and everything under it)
[0.768s] Copying ../../build/delta_gz_sim/delta_gz_sim.egg-info to /home/thilaks/ROS2/Codelta_ws/install/delta_gz_sim/lib/python3.10/site-packages/delta_gz_sim-0.0.0-py3.10.egg-info
[0.769s] running install_scripts
[0.786s] writing list of installed files to '/home/thilaks/ROS2/Codelta_ws/build/delta_gz_sim/install.log'
[0.815s] Invoked command in '/home/thilaks/ROS2/Codelta_ws/src/delta_gz_sim' returned '0': PYTHONPATH=/home/thilaks/ROS2/Codelta_ws/build/delta_gz_sim/prefix_override:/usr/lib/python3/dist-packages/colcon_core/task/python/colcon_distutils_commands:/home/thilaks/ROS2/Codelta_ws/install/delta_gz_sim/lib/python3.10/site-packages:${PYTHONPATH} /usr/bin/python3 -W ignore:setup.py install is deprecated -W ignore:easy_install command is deprecated setup.py egg_info --egg-base ../../build/delta_gz_sim build --build-base /home/thilaks/ROS2/Codelta_ws/build/delta_gz_sim/build install --record /home/thilaks/ROS2/Codelta_ws/build/delta_gz_sim/install.log --single-version-externally-managed install_data
