running egg_info
creating ../../build/kinematics/kinematics.egg-info
writing ../../build/kinematics/kinematics.egg-info/PKG-INFO
writing dependency_links to ../../build/kinematics/kinematics.egg-info/dependency_links.txt
writing entry points to ../../build/kinematics/kinematics.egg-info/entry_points.txt
writing requirements to ../../build/kinematics/kinematics.egg-info/requires.txt
writing top-level names to ../../build/kinematics/kinematics.egg-info/top_level.txt
writing manifest file '../../build/kinematics/kinematics.egg-info/SOURCES.txt'
reading manifest file '../../build/kinematics/kinematics.egg-info/SOURCES.txt'
writing manifest file '../../build/kinematics/kinematics.egg-info/SOURCES.txt'
running build
running build_py
creating /home/thilaks/ROS2/Codelta_ws/build/kinematics/build
creating /home/thilaks/ROS2/Codelta_ws/build/kinematics/build/lib
creating /home/thilaks/ROS2/Codelta_ws/build/kinematics/build/lib/kinematics
copying kinematics/forward_kinematics.py -> /home/thilaks/ROS2/Codelta_ws/build/kinematics/build/lib/kinematics
copying kinematics/__init__.py -> /home/thilaks/ROS2/Codelta_ws/build/kinematics/build/lib/kinematics
copying kinematics/inverse_kinematics.py -> /home/thilaks/ROS2/Codelta_ws/build/kinematics/build/lib/kinematics
running install
running install_lib
creating /home/thilaks/ROS2/Codelta_ws/install/kinematics/lib/python3.10/site-packages/kinematics
copying /home/thilaks/ROS2/Codelta_ws/build/kinematics/build/lib/kinematics/forward_kinematics.py -> /home/thilaks/ROS2/Codelta_ws/install/kinematics/lib/python3.10/site-packages/kinematics
copying /home/thilaks/ROS2/Codelta_ws/build/kinematics/build/lib/kinematics/__init__.py -> /home/thilaks/ROS2/Codelta_ws/install/kinematics/lib/python3.10/site-packages/kinematics
copying /home/thilaks/ROS2/Codelta_ws/build/kinematics/build/lib/kinematics/inverse_kinematics.py -> /home/thilaks/ROS2/Codelta_ws/install/kinematics/lib/python3.10/site-packages/kinematics
byte-compiling /home/thilaks/ROS2/Codelta_ws/install/kinematics/lib/python3.10/site-packages/kinematics/forward_kinematics.py to forward_kinematics.cpython-310.pyc
byte-compiling /home/thilaks/ROS2/Codelta_ws/install/kinematics/lib/python3.10/site-packages/kinematics/__init__.py to __init__.cpython-310.pyc
byte-compiling /home/thilaks/ROS2/Codelta_ws/install/kinematics/lib/python3.10/site-packages/kinematics/inverse_kinematics.py to inverse_kinematics.cpython-310.pyc
running install_data
creating /home/thilaks/ROS2/Codelta_ws/install/kinematics/share/ament_index
creating /home/thilaks/ROS2/Codelta_ws/install/kinematics/share/ament_index/resource_index
creating /home/thilaks/ROS2/Codelta_ws/install/kinematics/share/ament_index/resource_index/packages
copying resource/kinematics -> /home/thilaks/ROS2/Codelta_ws/install/kinematics/share/ament_index/resource_index/packages
copying package.xml -> /home/thilaks/ROS2/Codelta_ws/install/kinematics/share/kinematics
running install_egg_info
Copying ../../build/kinematics/kinematics.egg-info to /home/thilaks/ROS2/Codelta_ws/install/kinematics/lib/python3.10/site-packages/kinematics-0.0.0-py3.10.egg-info
running install_scripts
writing list of installed files to '/home/thilaks/ROS2/Codelta_ws/build/kinematics/install.log'
