[0.624s] Invoking command in '/home/thilaks/ROS2/Codelta_ws/src/kinematics': PYTHONPATH=/home/thilaks/ROS2/Codelta_ws/build/kinematics/prefix_override:/usr/lib/python3/dist-packages/colcon_core/task/python/colcon_distutils_commands:/home/thilaks/ROS2/Codelta_ws/install/kinematics/lib/python3.10/site-packages:${PYTHONPATH} /usr/bin/python3 -W ignore:setup.py install is deprecated -W ignore:easy_install command is deprecated setup.py egg_info --egg-base ../../build/kinematics build --build-base /home/thilaks/ROS2/Codelta_ws/build/kinematics/build install --record /home/thilaks/ROS2/Codelta_ws/build/kinematics/install.log --single-version-externally-managed install_data
[0.811s] running egg_info
[0.811s] creating ../../build/kinematics/kinematics.egg-info
[0.811s] writing ../../build/kinematics/kinematics.egg-info/PKG-INFO
[0.811s] writing dependency_links to ../../build/kinematics/kinematics.egg-info/dependency_links.txt
[0.812s] writing entry points to ../../build/kinematics/kinematics.egg-info/entry_points.txt
[0.812s] writing requirements to ../../build/kinematics/kinematics.egg-info/requires.txt
[0.812s] writing top-level names to ../../build/kinematics/kinematics.egg-info/top_level.txt
[0.812s] writing manifest file '../../build/kinematics/kinematics.egg-info/SOURCES.txt'
[0.813s] reading manifest file '../../build/kinematics/kinematics.egg-info/SOURCES.txt'
[0.814s] writing manifest file '../../build/kinematics/kinematics.egg-info/SOURCES.txt'
[0.814s] running build
[0.814s] running build_py
[0.814s] creating /home/thilaks/ROS2/Codelta_ws/build/kinematics/build
[0.814s] creating /home/thilaks/ROS2/Codelta_ws/build/kinematics/build/lib
[0.815s] creating /home/thilaks/ROS2/Codelta_ws/build/kinematics/build/lib/kinematics
[0.815s] copying kinematics/forward_kinematics.py -> /home/thilaks/ROS2/Codelta_ws/build/kinematics/build/lib/kinematics
[0.815s] copying kinematics/__init__.py -> /home/thilaks/ROS2/Codelta_ws/build/kinematics/build/lib/kinematics
[0.815s] copying kinematics/inverse_kinematics.py -> /home/thilaks/ROS2/Codelta_ws/build/kinematics/build/lib/kinematics
[0.815s] running install
[0.815s] running install_lib
[0.816s] creating /home/thilaks/ROS2/Codelta_ws/install/kinematics/lib/python3.10/site-packages/kinematics
[0.816s] copying /home/thilaks/ROS2/Codelta_ws/build/kinematics/build/lib/kinematics/forward_kinematics.py -> /home/thilaks/ROS2/Codelta_ws/install/kinematics/lib/python3.10/site-packages/kinematics
[0.816s] copying /home/thilaks/ROS2/Codelta_ws/build/kinematics/build/lib/kinematics/__init__.py -> /home/thilaks/ROS2/Codelta_ws/install/kinematics/lib/python3.10/site-packages/kinematics
[0.816s] copying /home/thilaks/ROS2/Codelta_ws/build/kinematics/build/lib/kinematics/inverse_kinematics.py -> /home/thilaks/ROS2/Codelta_ws/install/kinematics/lib/python3.10/site-packages/kinematics
[0.816s] byte-compiling /home/thilaks/ROS2/Codelta_ws/install/kinematics/lib/python3.10/site-packages/kinematics/forward_kinematics.py to forward_kinematics.cpython-310.pyc
[0.817s] byte-compiling /home/thilaks/ROS2/Codelta_ws/install/kinematics/lib/python3.10/site-packages/kinematics/__init__.py to __init__.cpython-310.pyc
[0.817s] byte-compiling /home/thilaks/ROS2/Codelta_ws/install/kinematics/lib/python3.10/site-packages/kinematics/inverse_kinematics.py to inverse_kinematics.cpython-310.pyc
[0.817s] running install_data
[0.817s] creating /home/thilaks/ROS2/Codelta_ws/install/kinematics/share/ament_index
[0.817s] creating /home/thilaks/ROS2/Codelta_ws/install/kinematics/share/ament_index/resource_index
[0.817s] creating /home/thilaks/ROS2/Codelta_ws/install/kinematics/share/ament_index/resource_index/packages
[0.818s] copying resource/kinematics -> /home/thilaks/ROS2/Codelta_ws/install/kinematics/share/ament_index/resource_index/packages
[0.818s] copying package.xml -> /home/thilaks/ROS2/Codelta_ws/install/kinematics/share/kinematics
[0.818s] running install_egg_info
[0.820s] Copying ../../build/kinematics/kinematics.egg-info to /home/thilaks/ROS2/Codelta_ws/install/kinematics/lib/python3.10/site-packages/kinematics-0.0.0-py3.10.egg-info
[0.820s] running install_scripts
[0.839s] writing list of installed files to '/home/thilaks/ROS2/Codelta_ws/build/kinematics/install.log'
[0.867s] Invoked command in '/home/thilaks/ROS2/Codelta_ws/src/kinematics' returned '0': PYTHONPATH=/home/thilaks/ROS2/Codelta_ws/build/kinematics/prefix_override:/usr/lib/python3/dist-packages/colcon_core/task/python/colcon_distutils_commands:/home/thilaks/ROS2/Codelta_ws/install/kinematics/lib/python3.10/site-packages:${PYTHONPATH} /usr/bin/python3 -W ignore:setup.py install is deprecated -W ignore:easy_install command is deprecated setup.py egg_info --egg-base ../../build/kinematics build --build-base /home/thilaks/ROS2/Codelta_ws/build/kinematics/build install --record /home/thilaks/ROS2/Codelta_ws/build/kinematics/install.log --single-version-externally-managed install_data
