-- Install configuration: ""
-- Up-to-date: /home/thilaks/ROS2/Codelta_ws/install/delta_gz_sim_cpp/share/delta_gz_sim_cpp/launch
-- Installing: /home/thilaks/ROS2/Codelta_ws/install/delta_gz_sim_cpp/share/delta_gz_sim_cpp/launch/delta_gzsim.launch.py
-- Up-to-date: /home/thilaks/ROS2/Codelta_ws/install/delta_gz_sim_cpp/share/delta_gz_sim_cpp/configs
-- Up-to-date: /home/thilaks/ROS2/Codelta_ws/install/delta_gz_sim_cpp/share/delta_gz_sim_cpp/configs/ros_ign_sim.yaml
-- Up-to-date: /home/thilaks/ROS2/Codelta_ws/install/delta_gz_sim_cpp/share/delta_gz_sim_cpp/descriptions
-- Up-to-date: /home/thilaks/ROS2/Codelta_ws/install/delta_gz_sim_cpp/share/delta_gz_sim_cpp/descriptions/robot.sdf
-- Up-to-date: /home/thilaks/ROS2/Codelta_ws/install/delta_gz_sim_cpp/share/ament_index/resource_index/package_run_dependencies/delta_gz_sim_cpp
-- Up-to-date: /home/thilaks/ROS2/Codelta_ws/install/delta_gz_sim_cpp/share/ament_index/resource_index/parent_prefix_path/delta_gz_sim_cpp
-- Up-to-date: /home/thilaks/ROS2/Codelta_ws/install/delta_gz_sim_cpp/share/delta_gz_sim_cpp/environment/ament_prefix_path.sh
-- Up-to-date: /home/thilaks/ROS2/Codelta_ws/install/delta_gz_sim_cpp/share/delta_gz_sim_cpp/environment/ament_prefix_path.dsv
-- Up-to-date: /home/thilaks/ROS2/Codelta_ws/install/delta_gz_sim_cpp/share/delta_gz_sim_cpp/environment/path.sh
-- Up-to-date: /home/thilaks/ROS2/Codelta_ws/install/delta_gz_sim_cpp/share/delta_gz_sim_cpp/environment/path.dsv
-- Up-to-date: /home/thilaks/ROS2/Codelta_ws/install/delta_gz_sim_cpp/share/delta_gz_sim_cpp/local_setup.bash
-- Up-to-date: /home/thilaks/ROS2/Codelta_ws/install/delta_gz_sim_cpp/share/delta_gz_sim_cpp/local_setup.sh
-- Up-to-date: /home/thilaks/ROS2/Codelta_ws/install/delta_gz_sim_cpp/share/delta_gz_sim_cpp/local_setup.zsh
-- Up-to-date: /home/thilaks/ROS2/Codelta_ws/install/delta_gz_sim_cpp/share/delta_gz_sim_cpp/local_setup.dsv
-- Up-to-date: /home/thilaks/ROS2/Codelta_ws/install/delta_gz_sim_cpp/share/delta_gz_sim_cpp/package.dsv
-- Up-to-date: /home/thilaks/ROS2/Codelta_ws/install/delta_gz_sim_cpp/share/ament_index/resource_index/packages/delta_gz_sim_cpp
-- Up-to-date: /home/thilaks/ROS2/Codelta_ws/install/delta_gz_sim_cpp/share/delta_gz_sim_cpp/cmake/delta_gz_sim_cppConfig.cmake
-- Up-to-date: /home/thilaks/ROS2/Codelta_ws/install/delta_gz_sim_cpp/share/delta_gz_sim_cpp/cmake/delta_gz_sim_cppConfig-version.cmake
-- Up-to-date: /home/thilaks/ROS2/Codelta_ws/install/delta_gz_sim_cpp/share/delta_gz_sim_cpp/package.xml
