[0.085s] DEBUG:colcon:Command line arguments: ['/usr/bin/colcon', 'build']
[0.085s] DEBUG:colcon:Parsed command line arguments: Namespace(log_base=None, log_level=None, verb_name='build', build_base='build', install_base='install', merge_install=False, symlink_install=False, test_result_base=None, continue_on_error=False, executor='parallel', parallel_workers=12, event_handlers=None, ignore_user_meta=False, metas=['./colcon.meta'], base_paths=['.'], packages_ignore=None, packages_ignore_regex=None, paths=None, packages_up_to=None, packages_up_to_regex=None, packages_above=None, packages_above_and_dependencies=None, packages_above_depth=None, packages_select_by_dep=None, packages_skip_by_dep=None, packages_skip_up_to=None, packages_select_build_failed=False, packages_skip_build_finished=False, packages_select_test_failures=False, packages_skip_test_passed=False, packages_select=None, packages_skip=None, packages_select_regex=None, packages_skip_regex=None, packages_start=None, packages_end=None, allow_overriding=[], cmake_args=None, cmake_target=None, cmake_target_skip_unavailable=False, cmake_clean_cache=False, cmake_clean_first=False, cmake_force_configure=False, ament_cmake_args=None, catkin_cmake_args=None, catkin_skip_building_tests=False, verb_parser=<colcon_defaults.argument_parser.defaults.DefaultArgumentsDecorator object at 0x77fdb3b2f880>, verb_extension=<colcon_core.verb.build.BuildVerb object at 0x77fdb3c741f0>, main=<bound method BuildVerb.main of <colcon_core.verb.build.BuildVerb object at 0x77fdb3c741f0>>)
[0.218s] Level 1:colcon.colcon_core.package_discovery:discover_packages(colcon_meta) check parameters
[0.218s] Level 1:colcon.colcon_core.package_discovery:discover_packages(recursive) check parameters
[0.218s] Level 1:colcon.colcon_core.package_discovery:discover_packages(ignore) check parameters
[0.218s] Level 1:colcon.colcon_core.package_discovery:discover_packages(path) check parameters
[0.218s] Level 1:colcon.colcon_core.package_discovery:discover_packages(colcon_meta) discover
[0.218s] Level 1:colcon.colcon_core.package_discovery:discover_packages(recursive) discover
[0.218s] INFO:colcon.colcon_core.package_discovery:Crawling recursively for packages in '/home/thilaks/ROS2/Codelta_ws'
[0.218s] Level 1:colcon.colcon_core.package_identification:_identify(.) by extensions ['ignore', 'ignore_ament_install']
[0.218s] Level 1:colcon.colcon_core.package_identification:_identify(.) by extension 'ignore'
[0.219s] Level 1:colcon.colcon_core.package_identification:_identify(.) by extension 'ignore_ament_install'
[0.219s] Level 1:colcon.colcon_core.package_identification:_identify(.) by extensions ['colcon_pkg']
[0.219s] Level 1:colcon.colcon_core.package_identification:_identify(.) by extension 'colcon_pkg'
[0.219s] Level 1:colcon.colcon_core.package_identification:_identify(.) by extensions ['colcon_meta']
[0.219s] Level 1:colcon.colcon_core.package_identification:_identify(.) by extension 'colcon_meta'
[0.219s] Level 1:colcon.colcon_core.package_identification:_identify(.) by extensions ['ros']
[0.219s] Level 1:colcon.colcon_core.package_identification:_identify(.) by extension 'ros'
[0.228s] Level 1:colcon.colcon_core.package_identification:_identify(.) by extensions ['cmake', 'python']
[0.228s] Level 1:colcon.colcon_core.package_identification:_identify(.) by extension 'cmake'
[0.228s] Level 1:colcon.colcon_core.package_identification:_identify(.) by extension 'python'
[0.228s] Level 1:colcon.colcon_core.package_identification:_identify(.) by extensions ['python_setup_py']
[0.228s] Level 1:colcon.colcon_core.package_identification:_identify(.) by extension 'python_setup_py'
[0.228s] Level 1:colcon.colcon_core.package_identification:_identify(build) by extensions ['ignore', 'ignore_ament_install']
[0.229s] Level 1:colcon.colcon_core.package_identification:_identify(build) by extension 'ignore'
[0.229s] Level 1:colcon.colcon_core.package_identification:_identify(build) ignored
[0.229s] Level 1:colcon.colcon_core.package_identification:_identify(install) by extensions ['ignore', 'ignore_ament_install']
[0.229s] Level 1:colcon.colcon_core.package_identification:_identify(install) by extension 'ignore'
[0.229s] Level 1:colcon.colcon_core.package_identification:_identify(install) ignored
[0.229s] Level 1:colcon.colcon_core.package_identification:_identify(log) by extensions ['ignore', 'ignore_ament_install']
[0.229s] Level 1:colcon.colcon_core.package_identification:_identify(log) by extension 'ignore'
[0.229s] Level 1:colcon.colcon_core.package_identification:_identify(log) ignored
[0.229s] Level 1:colcon.colcon_core.package_identification:_identify(src) by extensions ['ignore', 'ignore_ament_install']
[0.229s] Level 1:colcon.colcon_core.package_identification:_identify(src) by extension 'ignore'
[0.229s] Level 1:colcon.colcon_core.package_identification:_identify(src) by extension 'ignore_ament_install'
[0.229s] Level 1:colcon.colcon_core.package_identification:_identify(src) by extensions ['colcon_pkg']
[0.229s] Level 1:colcon.colcon_core.package_identification:_identify(src) by extension 'colcon_pkg'
[0.229s] Level 1:colcon.colcon_core.package_identification:_identify(src) by extensions ['colcon_meta']
[0.229s] Level 1:colcon.colcon_core.package_identification:_identify(src) by extension 'colcon_meta'
[0.229s] Level 1:colcon.colcon_core.package_identification:_identify(src) by extensions ['ros']
[0.229s] Level 1:colcon.colcon_core.package_identification:_identify(src) by extension 'ros'
[0.229s] Level 1:colcon.colcon_core.package_identification:_identify(src) by extensions ['cmake', 'python']
[0.229s] Level 1:colcon.colcon_core.package_identification:_identify(src) by extension 'cmake'
[0.229s] Level 1:colcon.colcon_core.package_identification:_identify(src) by extension 'python'
[0.229s] Level 1:colcon.colcon_core.package_identification:_identify(src) by extensions ['python_setup_py']
[0.229s] Level 1:colcon.colcon_core.package_identification:_identify(src) by extension 'python_setup_py'
[0.230s] Level 1:colcon.colcon_core.package_identification:_identify(src/delta_gz_sim) by extensions ['ignore', 'ignore_ament_install']
[0.230s] Level 1:colcon.colcon_core.package_identification:_identify(src/delta_gz_sim) by extension 'ignore'
[0.230s] Level 1:colcon.colcon_core.package_identification:_identify(src/delta_gz_sim) by extension 'ignore_ament_install'
[0.230s] Level 1:colcon.colcon_core.package_identification:_identify(src/delta_gz_sim) by extensions ['colcon_pkg']
[0.230s] Level 1:colcon.colcon_core.package_identification:_identify(src/delta_gz_sim) by extension 'colcon_pkg'
[0.230s] Level 1:colcon.colcon_core.package_identification:_identify(src/delta_gz_sim) by extensions ['colcon_meta']
[0.230s] Level 1:colcon.colcon_core.package_identification:_identify(src/delta_gz_sim) by extension 'colcon_meta'
[0.230s] Level 1:colcon.colcon_core.package_identification:_identify(src/delta_gz_sim) by extensions ['ros']
[0.230s] Level 1:colcon.colcon_core.package_identification:_identify(src/delta_gz_sim) by extension 'ros'
[0.232s] DEBUG:colcon.colcon_core.package_identification:Package 'src/delta_gz_sim' with type 'ros.ament_python' and name 'delta_gz_sim'
[0.232s] Level 1:colcon.colcon_core.package_identification:_identify(src/delta_gz_sim_cpp) by extensions ['ignore', 'ignore_ament_install']
[0.232s] Level 1:colcon.colcon_core.package_identification:_identify(src/delta_gz_sim_cpp) by extension 'ignore'
[0.232s] Level 1:colcon.colcon_core.package_identification:_identify(src/delta_gz_sim_cpp) by extension 'ignore_ament_install'
[0.232s] Level 1:colcon.colcon_core.package_identification:_identify(src/delta_gz_sim_cpp) by extensions ['colcon_pkg']
[0.232s] Level 1:colcon.colcon_core.package_identification:_identify(src/delta_gz_sim_cpp) by extension 'colcon_pkg'
[0.232s] Level 1:colcon.colcon_core.package_identification:_identify(src/delta_gz_sim_cpp) by extensions ['colcon_meta']
[0.232s] Level 1:colcon.colcon_core.package_identification:_identify(src/delta_gz_sim_cpp) by extension 'colcon_meta'
[0.232s] Level 1:colcon.colcon_core.package_identification:_identify(src/delta_gz_sim_cpp) by extensions ['ros']
[0.232s] Level 1:colcon.colcon_core.package_identification:_identify(src/delta_gz_sim_cpp) by extension 'ros'
[0.233s] DEBUG:colcon.colcon_core.package_identification:Package 'src/delta_gz_sim_cpp' with type 'ros.ament_cmake' and name 'delta_gz_sim_cpp'
[0.233s] Level 1:colcon.colcon_core.package_discovery:discover_packages(recursive) using defaults
[0.233s] Level 1:colcon.colcon_core.package_discovery:discover_packages(ignore) discover
[0.233s] Level 1:colcon.colcon_core.package_discovery:discover_packages(ignore) using defaults
[0.233s] Level 1:colcon.colcon_core.package_discovery:discover_packages(path) discover
[0.233s] Level 1:colcon.colcon_core.package_discovery:discover_packages(path) using defaults
[0.249s] Level 1:colcon.colcon_core.package_discovery:discover_packages(prefix_path) check parameters
[0.249s] Level 1:colcon.colcon_core.package_discovery:discover_packages(prefix_path) discover
[0.251s] DEBUG:colcon.colcon_installed_package_information.package_discovery:Found 3 installed packages in /home/thilaks/ROS2/zed_ws/install
[0.253s] DEBUG:colcon.colcon_installed_package_information.package_discovery:Found 313 installed packages in /opt/ros/humble
[0.265s] Level 1:colcon.colcon_core.package_discovery:discover_packages(prefix_path) using defaults
[0.298s] Level 5:colcon.colcon_core.verb:set package 'delta_gz_sim' build argument 'cmake_args' from command line to 'None'
[0.298s] Level 5:colcon.colcon_core.verb:set package 'delta_gz_sim' build argument 'cmake_target' from command line to 'None'
[0.298s] Level 5:colcon.colcon_core.verb:set package 'delta_gz_sim' build argument 'cmake_target_skip_unavailable' from command line to 'False'
[0.298s] Level 5:colcon.colcon_core.verb:set package 'delta_gz_sim' build argument 'cmake_clean_cache' from command line to 'False'
[0.298s] Level 5:colcon.colcon_core.verb:set package 'delta_gz_sim' build argument 'cmake_clean_first' from command line to 'False'
[0.298s] Level 5:colcon.colcon_core.verb:set package 'delta_gz_sim' build argument 'cmake_force_configure' from command line to 'False'
[0.298s] Level 5:colcon.colcon_core.verb:set package 'delta_gz_sim' build argument 'ament_cmake_args' from command line to 'None'
[0.298s] Level 5:colcon.colcon_core.verb:set package 'delta_gz_sim' build argument 'catkin_cmake_args' from command line to 'None'
[0.298s] Level 5:colcon.colcon_core.verb:set package 'delta_gz_sim' build argument 'catkin_skip_building_tests' from command line to 'False'
[0.298s] DEBUG:colcon.colcon_core.verb:Building package 'delta_gz_sim' with the following arguments: {'ament_cmake_args': None, 'build_base': '/home/thilaks/ROS2/Codelta_ws/build/delta_gz_sim', 'catkin_cmake_args': None, 'catkin_skip_building_tests': False, 'cmake_args': None, 'cmake_clean_cache': False, 'cmake_clean_first': False, 'cmake_force_configure': False, 'cmake_target': None, 'cmake_target_skip_unavailable': False, 'install_base': '/home/thilaks/ROS2/Codelta_ws/install/delta_gz_sim', 'merge_install': False, 'path': '/home/thilaks/ROS2/Codelta_ws/src/delta_gz_sim', 'symlink_install': False, 'test_result_base': None}
[0.298s] Level 5:colcon.colcon_core.verb:set package 'delta_gz_sim_cpp' build argument 'cmake_args' from command line to 'None'
[0.298s] Level 5:colcon.colcon_core.verb:set package 'delta_gz_sim_cpp' build argument 'cmake_target' from command line to 'None'
[0.298s] Level 5:colcon.colcon_core.verb:set package 'delta_gz_sim_cpp' build argument 'cmake_target_skip_unavailable' from command line to 'False'
[0.298s] Level 5:colcon.colcon_core.verb:set package 'delta_gz_sim_cpp' build argument 'cmake_clean_cache' from command line to 'False'
[0.298s] Level 5:colcon.colcon_core.verb:set package 'delta_gz_sim_cpp' build argument 'cmake_clean_first' from command line to 'False'
[0.298s] Level 5:colcon.colcon_core.verb:set package 'delta_gz_sim_cpp' build argument 'cmake_force_configure' from command line to 'False'
[0.298s] Level 5:colcon.colcon_core.verb:set package 'delta_gz_sim_cpp' build argument 'ament_cmake_args' from command line to 'None'
[0.298s] Level 5:colcon.colcon_core.verb:set package 'delta_gz_sim_cpp' build argument 'catkin_cmake_args' from command line to 'None'
[0.298s] Level 5:colcon.colcon_core.verb:set package 'delta_gz_sim_cpp' build argument 'catkin_skip_building_tests' from command line to 'False'
[0.299s] DEBUG:colcon.colcon_core.verb:Building package 'delta_gz_sim_cpp' with the following arguments: {'ament_cmake_args': None, 'build_base': '/home/thilaks/ROS2/Codelta_ws/build/delta_gz_sim_cpp', 'catkin_cmake_args': None, 'catkin_skip_building_tests': False, 'cmake_args': None, 'cmake_clean_cache': False, 'cmake_clean_first': False, 'cmake_force_configure': False, 'cmake_target': None, 'cmake_target_skip_unavailable': False, 'install_base': '/home/thilaks/ROS2/Codelta_ws/install/delta_gz_sim_cpp', 'merge_install': False, 'path': '/home/thilaks/ROS2/Codelta_ws/src/delta_gz_sim_cpp', 'symlink_install': False, 'test_result_base': None}
[0.299s] INFO:colcon.colcon_core.executor:Executing jobs using 'parallel' executor
[0.300s] DEBUG:colcon.colcon_parallel_executor.executor.parallel:run_until_complete
[0.300s] INFO:colcon.colcon_ros.task.ament_python.build:Building ROS package in '/home/thilaks/ROS2/Codelta_ws/src/delta_gz_sim' with build type 'ament_python'
[0.300s] Level 1:colcon.colcon_core.shell:create_environment_hook('delta_gz_sim', 'ament_prefix_path')
[0.302s] INFO:colcon.colcon_core.plugin_system:Skipping extension 'colcon_core.shell.bat': Not used on non-Windows systems
[0.302s] INFO:colcon.colcon_core.shell:Creating environment hook '/home/thilaks/ROS2/Codelta_ws/install/delta_gz_sim/share/delta_gz_sim/hook/ament_prefix_path.ps1'
[0.302s] INFO:colcon.colcon_core.shell:Creating environment descriptor '/home/thilaks/ROS2/Codelta_ws/install/delta_gz_sim/share/delta_gz_sim/hook/ament_prefix_path.dsv'
[0.303s] INFO:colcon.colcon_core.shell:Creating environment hook '/home/thilaks/ROS2/Codelta_ws/install/delta_gz_sim/share/delta_gz_sim/hook/ament_prefix_path.sh'
[0.303s] INFO:colcon.colcon_core.shell:Skip shell extension 'powershell' for command environment: Not usable outside of PowerShell
[0.303s] DEBUG:colcon.colcon_core.shell:Skip shell extension 'dsv' for command environment
[0.307s] INFO:colcon.colcon_ros.task.ament_cmake.build:Building ROS package in '/home/thilaks/ROS2/Codelta_ws/src/delta_gz_sim_cpp' with build type 'ament_cmake'
[0.307s] INFO:colcon.colcon_cmake.task.cmake.build:Building CMake package in '/home/thilaks/ROS2/Codelta_ws/src/delta_gz_sim_cpp'
[0.307s] INFO:colcon.colcon_core.shell:Skip shell extension 'powershell' for command environment: Not usable outside of PowerShell
[0.307s] DEBUG:colcon.colcon_core.shell:Skip shell extension 'dsv' for command environment
[0.527s] INFO:colcon.colcon_core.task.python.build:Building Python package in '/home/thilaks/ROS2/Codelta_ws/src/delta_gz_sim'
[0.527s] INFO:colcon.colcon_core.shell:Skip shell extension 'powershell' for command environment: Not usable outside of PowerShell
[0.527s] DEBUG:colcon.colcon_core.shell:Skip shell extension 'dsv' for command environment
[0.537s] DEBUG:colcon.colcon_core.event_handler.log_command:Invoking command in '/home/thilaks/ROS2/Codelta_ws/build/delta_gz_sim_cpp': CMAKE_PREFIX_PATH=${CMAKE_PREFIX_PATH}:/opt/ros/humble /usr/bin/cmake /home/thilaks/ROS2/Codelta_ws/src/delta_gz_sim_cpp -DCMAKE_INSTALL_PREFIX=/home/thilaks/ROS2/Codelta_ws/install/delta_gz_sim_cpp
[0.792s] DEBUG:colcon.colcon_core.event_handler.log_command:Invoked command in '/home/thilaks/ROS2/Codelta_ws/build/delta_gz_sim_cpp' returned '0': CMAKE_PREFIX_PATH=${CMAKE_PREFIX_PATH}:/opt/ros/humble /usr/bin/cmake /home/thilaks/ROS2/Codelta_ws/src/delta_gz_sim_cpp -DCMAKE_INSTALL_PREFIX=/home/thilaks/ROS2/Codelta_ws/install/delta_gz_sim_cpp
[0.794s] DEBUG:colcon.colcon_core.event_handler.log_command:Invoking command in '/home/thilaks/ROS2/Codelta_ws/build/delta_gz_sim_cpp': CMAKE_PREFIX_PATH=${CMAKE_PREFIX_PATH}:/opt/ros/humble /usr/bin/cmake --build /home/thilaks/ROS2/Codelta_ws/build/delta_gz_sim_cpp -- -j12 -l12
[0.856s] DEBUG:colcon.colcon_core.event_handler.log_command:Invoked command in '/home/thilaks/ROS2/Codelta_ws/build/delta_gz_sim_cpp' returned '0': CMAKE_PREFIX_PATH=${CMAKE_PREFIX_PATH}:/opt/ros/humble /usr/bin/cmake --build /home/thilaks/ROS2/Codelta_ws/build/delta_gz_sim_cpp -- -j12 -l12
[0.867s] DEBUG:colcon.colcon_core.event_handler.log_command:Invoking command in '/home/thilaks/ROS2/Codelta_ws/build/delta_gz_sim_cpp': CMAKE_PREFIX_PATH=${CMAKE_PREFIX_PATH}:/opt/ros/humble /usr/bin/cmake --install /home/thilaks/ROS2/Codelta_ws/build/delta_gz_sim_cpp
[0.870s] DEBUG:colcon.colcon_core.event_handler.log_command:Invoking command in '/home/thilaks/ROS2/Codelta_ws/src/delta_gz_sim': PYTHONPATH=/home/thilaks/ROS2/Codelta_ws/build/delta_gz_sim/prefix_override:/usr/lib/python3/dist-packages/colcon_core/task/python/colcon_distutils_commands:/home/thilaks/ROS2/Codelta_ws/install/delta_gz_sim/lib/python3.10/site-packages:${PYTHONPATH} /usr/bin/python3 -W ignore:setup.py install is deprecated -W ignore:easy_install command is deprecated setup.py egg_info --egg-base ../../build/delta_gz_sim build --build-base /home/thilaks/ROS2/Codelta_ws/build/delta_gz_sim/build install --record /home/thilaks/ROS2/Codelta_ws/build/delta_gz_sim/install.log --single-version-externally-managed install_data
[0.889s] Level 1:colcon.colcon_core.environment:create_environment_scripts_only(delta_gz_sim_cpp)
[0.889s] DEBUG:colcon.colcon_core.event_handler.log_command:Invoked command in '/home/thilaks/ROS2/Codelta_ws/build/delta_gz_sim_cpp' returned '0': CMAKE_PREFIX_PATH=${CMAKE_PREFIX_PATH}:/opt/ros/humble /usr/bin/cmake --install /home/thilaks/ROS2/Codelta_ws/build/delta_gz_sim_cpp
[0.891s] Level 1:colcon.colcon_core.environment:checking '/home/thilaks/ROS2/Codelta_ws/install/delta_gz_sim_cpp' for CMake module files
[0.892s] Level 1:colcon.colcon_core.environment:checking '/home/thilaks/ROS2/Codelta_ws/install/delta_gz_sim_cpp' for CMake config files
[0.892s] Level 1:colcon.colcon_core.shell:create_environment_hook('delta_gz_sim_cpp', 'cmake_prefix_path')
[0.892s] INFO:colcon.colcon_core.shell:Creating environment hook '/home/thilaks/ROS2/Codelta_ws/install/delta_gz_sim_cpp/share/delta_gz_sim_cpp/hook/cmake_prefix_path.ps1'
[0.893s] INFO:colcon.colcon_core.shell:Creating environment descriptor '/home/thilaks/ROS2/Codelta_ws/install/delta_gz_sim_cpp/share/delta_gz_sim_cpp/hook/cmake_prefix_path.dsv'
[0.893s] INFO:colcon.colcon_core.shell:Creating environment hook '/home/thilaks/ROS2/Codelta_ws/install/delta_gz_sim_cpp/share/delta_gz_sim_cpp/hook/cmake_prefix_path.sh'
[0.893s] Level 1:colcon.colcon_core.environment:checking '/home/thilaks/ROS2/Codelta_ws/install/delta_gz_sim_cpp/bin'
[0.893s] Level 1:colcon.colcon_core.environment:checking '/home/thilaks/ROS2/Codelta_ws/install/delta_gz_sim_cpp/lib/pkgconfig/delta_gz_sim_cpp.pc'
[0.894s] Level 1:colcon.colcon_core.environment:checking '/home/thilaks/ROS2/Codelta_ws/install/delta_gz_sim_cpp/lib/python3.10/site-packages'
[0.894s] Level 1:colcon.colcon_core.environment:checking '/home/thilaks/ROS2/Codelta_ws/install/delta_gz_sim_cpp/bin'
[0.894s] INFO:colcon.colcon_core.shell:Creating package script '/home/thilaks/ROS2/Codelta_ws/install/delta_gz_sim_cpp/share/delta_gz_sim_cpp/package.ps1'
[0.895s] INFO:colcon.colcon_core.shell:Creating package descriptor '/home/thilaks/ROS2/Codelta_ws/install/delta_gz_sim_cpp/share/delta_gz_sim_cpp/package.dsv'
[0.895s] INFO:colcon.colcon_core.shell:Creating package script '/home/thilaks/ROS2/Codelta_ws/install/delta_gz_sim_cpp/share/delta_gz_sim_cpp/package.sh'
[0.896s] INFO:colcon.colcon_core.shell:Creating package script '/home/thilaks/ROS2/Codelta_ws/install/delta_gz_sim_cpp/share/delta_gz_sim_cpp/package.bash'
[0.896s] INFO:colcon.colcon_core.shell:Creating package script '/home/thilaks/ROS2/Codelta_ws/install/delta_gz_sim_cpp/share/delta_gz_sim_cpp/package.zsh'
[0.897s] Level 1:colcon.colcon_core.environment:create_file_with_runtime_dependencies(/home/thilaks/ROS2/Codelta_ws/install/delta_gz_sim_cpp/share/colcon-core/packages/delta_gz_sim_cpp)
[0.898s] Level 1:colcon.colcon_core.environment:create_environment_scripts_only(delta_gz_sim_cpp)
[0.898s] Level 1:colcon.colcon_core.environment:checking '/home/thilaks/ROS2/Codelta_ws/install/delta_gz_sim_cpp' for CMake module files
[0.898s] Level 1:colcon.colcon_core.environment:checking '/home/thilaks/ROS2/Codelta_ws/install/delta_gz_sim_cpp' for CMake config files
[0.898s] Level 1:colcon.colcon_core.shell:create_environment_hook('delta_gz_sim_cpp', 'cmake_prefix_path')
[0.898s] INFO:colcon.colcon_core.shell:Creating environment hook '/home/thilaks/ROS2/Codelta_ws/install/delta_gz_sim_cpp/share/delta_gz_sim_cpp/hook/cmake_prefix_path.ps1'
[0.899s] INFO:colcon.colcon_core.shell:Creating environment descriptor '/home/thilaks/ROS2/Codelta_ws/install/delta_gz_sim_cpp/share/delta_gz_sim_cpp/hook/cmake_prefix_path.dsv'
[0.899s] INFO:colcon.colcon_core.shell:Creating environment hook '/home/thilaks/ROS2/Codelta_ws/install/delta_gz_sim_cpp/share/delta_gz_sim_cpp/hook/cmake_prefix_path.sh'
[0.900s] Level 1:colcon.colcon_core.environment:checking '/home/thilaks/ROS2/Codelta_ws/install/delta_gz_sim_cpp/bin'
[0.900s] Level 1:colcon.colcon_core.environment:checking '/home/thilaks/ROS2/Codelta_ws/install/delta_gz_sim_cpp/lib/pkgconfig/delta_gz_sim_cpp.pc'
[0.900s] Level 1:colcon.colcon_core.environment:checking '/home/thilaks/ROS2/Codelta_ws/install/delta_gz_sim_cpp/lib/python3.10/site-packages'
[0.900s] Level 1:colcon.colcon_core.environment:checking '/home/thilaks/ROS2/Codelta_ws/install/delta_gz_sim_cpp/bin'
[0.901s] INFO:colcon.colcon_core.shell:Creating package script '/home/thilaks/ROS2/Codelta_ws/install/delta_gz_sim_cpp/share/delta_gz_sim_cpp/package.ps1'
[0.901s] INFO:colcon.colcon_core.shell:Creating package descriptor '/home/thilaks/ROS2/Codelta_ws/install/delta_gz_sim_cpp/share/delta_gz_sim_cpp/package.dsv'
[0.902s] INFO:colcon.colcon_core.shell:Creating package script '/home/thilaks/ROS2/Codelta_ws/install/delta_gz_sim_cpp/share/delta_gz_sim_cpp/package.sh'
[0.902s] INFO:colcon.colcon_core.shell:Creating package script '/home/thilaks/ROS2/Codelta_ws/install/delta_gz_sim_cpp/share/delta_gz_sim_cpp/package.bash'
[0.902s] INFO:colcon.colcon_core.shell:Creating package script '/home/thilaks/ROS2/Codelta_ws/install/delta_gz_sim_cpp/share/delta_gz_sim_cpp/package.zsh'
[0.903s] Level 1:colcon.colcon_core.environment:create_file_with_runtime_dependencies(/home/thilaks/ROS2/Codelta_ws/install/delta_gz_sim_cpp/share/colcon-core/packages/delta_gz_sim_cpp)
[1.114s] Level 1:colcon.colcon_core.environment:checking '/home/thilaks/ROS2/Codelta_ws/install/delta_gz_sim' for CMake module files
[1.115s] DEBUG:colcon.colcon_core.event_handler.log_command:Invoked command in '/home/thilaks/ROS2/Codelta_ws/src/delta_gz_sim' returned '0': PYTHONPATH=/home/thilaks/ROS2/Codelta_ws/build/delta_gz_sim/prefix_override:/usr/lib/python3/dist-packages/colcon_core/task/python/colcon_distutils_commands:/home/thilaks/ROS2/Codelta_ws/install/delta_gz_sim/lib/python3.10/site-packages:${PYTHONPATH} /usr/bin/python3 -W ignore:setup.py install is deprecated -W ignore:easy_install command is deprecated setup.py egg_info --egg-base ../../build/delta_gz_sim build --build-base /home/thilaks/ROS2/Codelta_ws/build/delta_gz_sim/build install --record /home/thilaks/ROS2/Codelta_ws/build/delta_gz_sim/install.log --single-version-externally-managed install_data
[1.116s] Level 1:colcon.colcon_core.environment:checking '/home/thilaks/ROS2/Codelta_ws/install/delta_gz_sim' for CMake config files
[1.117s] Level 1:colcon.colcon_core.environment:checking '/home/thilaks/ROS2/Codelta_ws/install/delta_gz_sim/lib'
[1.117s] Level 1:colcon.colcon_core.environment:checking '/home/thilaks/ROS2/Codelta_ws/install/delta_gz_sim/bin'
[1.117s] Level 1:colcon.colcon_core.environment:checking '/home/thilaks/ROS2/Codelta_ws/install/delta_gz_sim/lib/pkgconfig/delta_gz_sim.pc'
[1.118s] Level 1:colcon.colcon_core.environment:checking '/home/thilaks/ROS2/Codelta_ws/install/delta_gz_sim/lib/python3.10/site-packages'
[1.118s] Level 1:colcon.colcon_core.shell:create_environment_hook('delta_gz_sim', 'pythonpath')
[1.118s] INFO:colcon.colcon_core.shell:Creating environment hook '/home/thilaks/ROS2/Codelta_ws/install/delta_gz_sim/share/delta_gz_sim/hook/pythonpath.ps1'
[1.119s] INFO:colcon.colcon_core.shell:Creating environment descriptor '/home/thilaks/ROS2/Codelta_ws/install/delta_gz_sim/share/delta_gz_sim/hook/pythonpath.dsv'
[1.120s] INFO:colcon.colcon_core.shell:Creating environment hook '/home/thilaks/ROS2/Codelta_ws/install/delta_gz_sim/share/delta_gz_sim/hook/pythonpath.sh'
[1.121s] Level 1:colcon.colcon_core.environment:checking '/home/thilaks/ROS2/Codelta_ws/install/delta_gz_sim/bin'
[1.121s] Level 1:colcon.colcon_core.environment:create_environment_scripts_only(delta_gz_sim)
[1.122s] INFO:colcon.colcon_core.shell:Creating package script '/home/thilaks/ROS2/Codelta_ws/install/delta_gz_sim/share/delta_gz_sim/package.ps1'
[1.123s] INFO:colcon.colcon_core.shell:Creating package descriptor '/home/thilaks/ROS2/Codelta_ws/install/delta_gz_sim/share/delta_gz_sim/package.dsv'
[1.124s] INFO:colcon.colcon_core.shell:Creating package script '/home/thilaks/ROS2/Codelta_ws/install/delta_gz_sim/share/delta_gz_sim/package.sh'
[1.125s] INFO:colcon.colcon_core.shell:Creating package script '/home/thilaks/ROS2/Codelta_ws/install/delta_gz_sim/share/delta_gz_sim/package.bash'
[1.126s] INFO:colcon.colcon_core.shell:Creating package script '/home/thilaks/ROS2/Codelta_ws/install/delta_gz_sim/share/delta_gz_sim/package.zsh'
[1.126s] Level 1:colcon.colcon_core.environment:create_file_with_runtime_dependencies(/home/thilaks/ROS2/Codelta_ws/install/delta_gz_sim/share/colcon-core/packages/delta_gz_sim)
[1.127s] DEBUG:colcon.colcon_parallel_executor.executor.parallel:closing loop
[1.127s] DEBUG:colcon.colcon_parallel_executor.executor.parallel:loop closed
[1.128s] DEBUG:colcon.colcon_parallel_executor.executor.parallel:run_until_complete finished with '0'
[1.128s] DEBUG:colcon.colcon_core.event_reactor:joining thread
[1.138s] INFO:colcon.colcon_core.plugin_system:Skipping extension 'colcon_notification.desktop_notification.terminal_notifier': Not used on non-Darwin systems
[1.139s] INFO:colcon.colcon_core.plugin_system:Skipping extension 'colcon_notification.desktop_notification.win32': Not used on non-Windows systems
[1.139s] INFO:colcon.colcon_notification.desktop_notification:Sending desktop notification using 'notify2'
[1.160s] DEBUG:colcon.colcon_core.event_reactor:joined thread
[1.160s] INFO:colcon.colcon_core.shell:Creating prefix script '/home/thilaks/ROS2/Codelta_ws/install/local_setup.ps1'
[1.163s] INFO:colcon.colcon_core.shell:Creating prefix util module '/home/thilaks/ROS2/Codelta_ws/install/_local_setup_util_ps1.py'
[1.166s] INFO:colcon.colcon_core.shell:Creating prefix chain script '/home/thilaks/ROS2/Codelta_ws/install/setup.ps1'
[1.169s] INFO:colcon.colcon_core.shell:Creating prefix script '/home/thilaks/ROS2/Codelta_ws/install/local_setup.sh'
[1.170s] INFO:colcon.colcon_core.shell:Creating prefix util module '/home/thilaks/ROS2/Codelta_ws/install/_local_setup_util_sh.py'
[1.172s] INFO:colcon.colcon_core.shell:Creating prefix chain script '/home/thilaks/ROS2/Codelta_ws/install/setup.sh'
[1.175s] INFO:colcon.colcon_core.shell:Creating prefix script '/home/thilaks/ROS2/Codelta_ws/install/local_setup.bash'
[1.176s] INFO:colcon.colcon_core.shell:Creating prefix chain script '/home/thilaks/ROS2/Codelta_ws/install/setup.bash'
[1.179s] INFO:colcon.colcon_core.shell:Creating prefix script '/home/thilaks/ROS2/Codelta_ws/install/local_setup.zsh'
[1.180s] INFO:colcon.colcon_core.shell:Creating prefix chain script '/home/thilaks/ROS2/Codelta_ws/install/setup.zsh'
