[0.230s] Invoking command in '/home/thilaks/ROS2/Codelta_ws/build/delta_gz_sim_cpp': CMAKE_PREFIX_PATH=${CMAKE_PREFIX_PATH}:/opt/ros/humble /usr/bin/cmake /home/thilaks/ROS2/Codelta_ws/src/delta_gz_sim_cpp -DCMAKE_INSTALL_PREFIX=/home/thilaks/ROS2/Codelta_ws/install/delta_gz_sim_cpp
[0.258s] -- Found ament_cmake: 1.3.11 (/opt/ros/humble/share/ament_cmake/cmake)
[0.390s] -- Found ament_lint_auto: 0.12.12 (/opt/ros/humble/share/ament_lint_auto/cmake)
[0.467s] -- Configuring done
[0.474s] -- Generating done
[0.479s] -- Build files have been written to: /home/thilaks/ROS2/Codelta_ws/build/delta_gz_sim_cpp
[0.485s] Invoked command in '/home/thilaks/ROS2/Codelta_ws/build/delta_gz_sim_cpp' returned '0': CMAKE_PREFIX_PATH=${CMAKE_PREFIX_PATH}:/opt/ros/humble /usr/bin/cmake /home/thilaks/ROS2/Codelta_ws/src/delta_gz_sim_cpp -DCMAKE_INSTALL_PREFIX=/home/thilaks/ROS2/Codelta_ws/install/delta_gz_sim_cpp
[0.487s] Invoking command in '/home/thilaks/ROS2/Codelta_ws/build/delta_gz_sim_cpp': CMAKE_PREFIX_PATH=${CMAKE_PREFIX_PATH}:/opt/ros/humble /usr/bin/cmake --build /home/thilaks/ROS2/Codelta_ws/build/delta_gz_sim_cpp -- -j12 -l12
[0.548s] Invoked command in '/home/thilaks/ROS2/Codelta_ws/build/delta_gz_sim_cpp' returned '0': CMAKE_PREFIX_PATH=${CMAKE_PREFIX_PATH}:/opt/ros/humble /usr/bin/cmake --build /home/thilaks/ROS2/Codelta_ws/build/delta_gz_sim_cpp -- -j12 -l12
[0.560s] Invoking command in '/home/thilaks/ROS2/Codelta_ws/build/delta_gz_sim_cpp': CMAKE_PREFIX_PATH=${CMAKE_PREFIX_PATH}:/opt/ros/humble /usr/bin/cmake --install /home/thilaks/ROS2/Codelta_ws/build/delta_gz_sim_cpp
[0.576s] -- Install configuration: ""
[0.576s] -- Installing: /home/thilaks/ROS2/Codelta_ws/install/delta_gz_sim_cpp/share/delta_gz_sim_cpp/launch
[0.576s] -- Installing: /home/thilaks/ROS2/Codelta_ws/install/delta_gz_sim_cpp/share/delta_gz_sim_cpp/launch/delta_gzsim.launch.py
[0.576s] -- Installing: /home/thilaks/ROS2/Codelta_ws/install/delta_gz_sim_cpp/share/delta_gz_sim_cpp/configs
[0.577s] -- Installing: /home/thilaks/ROS2/Codelta_ws/install/delta_gz_sim_cpp/share/delta_gz_sim_cpp/configs/ros_ign_sim.yaml
[0.577s] -- Installing: /home/thilaks/ROS2/Codelta_ws/install/delta_gz_sim_cpp/share/delta_gz_sim_cpp/descriptions
[0.577s] -- Installing: /home/thilaks/ROS2/Codelta_ws/install/delta_gz_sim_cpp/share/delta_gz_sim_cpp/descriptions/robot.sdf
[0.577s] -- Installing: /home/thilaks/ROS2/Codelta_ws/install/delta_gz_sim_cpp/share/ament_index/resource_index/package_run_dependencies/delta_gz_sim_cpp
[0.577s] -- Installing: /home/thilaks/ROS2/Codelta_ws/install/delta_gz_sim_cpp/share/ament_index/resource_index/parent_prefix_path/delta_gz_sim_cpp
[0.577s] -- Installing: /home/thilaks/ROS2/Codelta_ws/install/delta_gz_sim_cpp/share/delta_gz_sim_cpp/environment/ament_prefix_path.sh
[0.577s] -- Installing: /home/thilaks/ROS2/Codelta_ws/install/delta_gz_sim_cpp/share/delta_gz_sim_cpp/environment/ament_prefix_path.dsv
[0.578s] -- Installing: /home/thilaks/ROS2/Codelta_ws/install/delta_gz_sim_cpp/share/delta_gz_sim_cpp/environment/path.sh
[0.578s] -- Installing: /home/thilaks/ROS2/Codelta_ws/install/delta_gz_sim_cpp/share/delta_gz_sim_cpp/environment/path.dsv
[0.578s] -- Installing: /home/thilaks/ROS2/Codelta_ws/install/delta_gz_sim_cpp/share/delta_gz_sim_cpp/local_setup.bash
[0.578s] -- Installing: /home/thilaks/ROS2/Codelta_ws/install/delta_gz_sim_cpp/share/delta_gz_sim_cpp/local_setup.sh
[0.578s] -- Installing: /home/thilaks/ROS2/Codelta_ws/install/delta_gz_sim_cpp/share/delta_gz_sim_cpp/local_setup.zsh
[0.578s] -- Installing: /home/thilaks/ROS2/Codelta_ws/install/delta_gz_sim_cpp/share/delta_gz_sim_cpp/local_setup.dsv
[0.579s] -- Installing: /home/thilaks/ROS2/Codelta_ws/install/delta_gz_sim_cpp/share/delta_gz_sim_cpp/package.dsv
[0.579s] -- Installing: /home/thilaks/ROS2/Codelta_ws/install/delta_gz_sim_cpp/share/ament_index/resource_index/packages/delta_gz_sim_cpp
[0.579s] -- Installing: /home/thilaks/ROS2/Codelta_ws/install/delta_gz_sim_cpp/share/delta_gz_sim_cpp/cmake/delta_gz_sim_cppConfig.cmake
[0.579s] -- Installing: /home/thilaks/ROS2/Codelta_ws/install/delta_gz_sim_cpp/share/delta_gz_sim_cpp/cmake/delta_gz_sim_cppConfig-version.cmake
[0.579s] -- Installing: /home/thilaks/ROS2/Codelta_ws/install/delta_gz_sim_cpp/share/delta_gz_sim_cpp/package.xml
[0.582s] Invoked command in '/home/thilaks/ROS2/Codelta_ws/build/delta_gz_sim_cpp' returned '0': CMAKE_PREFIX_PATH=${CMAKE_PREFIX_PATH}:/opt/ros/humble /usr/bin/cmake --install /home/thilaks/ROS2/Codelta_ws/build/delta_gz_sim_cpp
