[0.146s] DEBUG:colcon:Command line arguments: ['/usr/bin/colcon', 'build']
[0.146s] DEBUG:colcon:Parsed command line arguments: Namespace(log_base=None, log_level=None, verb_name='build', build_base='build', install_base='install', merge_install=False, symlink_install=False, test_result_base=None, continue_on_error=False, executor='parallel', parallel_workers=12, event_handlers=None, ignore_user_meta=False, metas=['./colcon.meta'], base_paths=['.'], packages_ignore=None, packages_ignore_regex=None, paths=None, packages_up_to=None, packages_up_to_regex=None, packages_above=None, packages_above_and_dependencies=None, packages_above_depth=None, packages_select_by_dep=None, packages_skip_by_dep=None, packages_skip_up_to=None, packages_select_build_failed=False, packages_skip_build_finished=False, packages_select_test_failures=False, packages_skip_test_passed=False, packages_select=None, packages_skip=None, packages_select_regex=None, packages_skip_regex=None, packages_start=None, packages_end=None, allow_overriding=[], cmake_args=None, cmake_target=None, cmake_target_skip_unavailable=False, cmake_clean_cache=False, cmake_clean_first=False, cmake_force_configure=False, ament_cmake_args=None, catkin_cmake_args=None, catkin_skip_building_tests=False, verb_parser=<colcon_defaults.argument_parser.defaults.DefaultArgumentsDecorator object at 0x7882496eba90>, verb_extension=<colcon_core.verb.build.BuildVerb object at 0x788249874e50>, main=<bound method BuildVerb.main of <colcon_core.verb.build.BuildVerb object at 0x788249874e50>>)
[0.340s] Level 1:colcon.colcon_core.package_discovery:discover_packages(colcon_meta) check parameters
[0.340s] Level 1:colcon.colcon_core.package_discovery:discover_packages(recursive) check parameters
[0.340s] Level 1:colcon.colcon_core.package_discovery:discover_packages(ignore) check parameters
[0.340s] Level 1:colcon.colcon_core.package_discovery:discover_packages(path) check parameters
[0.340s] Level 1:colcon.colcon_core.package_discovery:discover_packages(colcon_meta) discover
[0.340s] Level 1:colcon.colcon_core.package_discovery:discover_packages(recursive) discover
[0.340s] INFO:colcon.colcon_core.package_discovery:Crawling recursively for packages in '/home/thilaks/ROS2/Codelta_ws'
[0.340s] Level 1:colcon.colcon_core.package_identification:_identify(.) by extensions ['ignore', 'ignore_ament_install']
[0.340s] Level 1:colcon.colcon_core.package_identification:_identify(.) by extension 'ignore'
[0.340s] Level 1:colcon.colcon_core.package_identification:_identify(.) by extension 'ignore_ament_install'
[0.340s] Level 1:colcon.colcon_core.package_identification:_identify(.) by extensions ['colcon_pkg']
[0.340s] Level 1:colcon.colcon_core.package_identification:_identify(.) by extension 'colcon_pkg'
[0.340s] Level 1:colcon.colcon_core.package_identification:_identify(.) by extensions ['colcon_meta']
[0.340s] Level 1:colcon.colcon_core.package_identification:_identify(.) by extension 'colcon_meta'
[0.340s] Level 1:colcon.colcon_core.package_identification:_identify(.) by extensions ['ros']
[0.340s] Level 1:colcon.colcon_core.package_identification:_identify(.) by extension 'ros'
[0.353s] Level 1:colcon.colcon_core.package_identification:_identify(.) by extensions ['cmake', 'python']
[0.353s] Level 1:colcon.colcon_core.package_identification:_identify(.) by extension 'cmake'
[0.353s] Level 1:colcon.colcon_core.package_identification:_identify(.) by extension 'python'
[0.353s] Level 1:colcon.colcon_core.package_identification:_identify(.) by extensions ['python_setup_py']
[0.353s] Level 1:colcon.colcon_core.package_identification:_identify(.) by extension 'python_setup_py'
[0.353s] Level 1:colcon.colcon_core.package_identification:_identify(build) by extensions ['ignore', 'ignore_ament_install']
[0.353s] Level 1:colcon.colcon_core.package_identification:_identify(build) by extension 'ignore'
[0.353s] Level 1:colcon.colcon_core.package_identification:_identify(build) ignored
[0.353s] Level 1:colcon.colcon_core.package_identification:_identify(install) by extensions ['ignore', 'ignore_ament_install']
[0.353s] Level 1:colcon.colcon_core.package_identification:_identify(install) by extension 'ignore'
[0.353s] Level 1:colcon.colcon_core.package_identification:_identify(install) ignored
[0.353s] Level 1:colcon.colcon_core.package_identification:_identify(log) by extensions ['ignore', 'ignore_ament_install']
[0.353s] Level 1:colcon.colcon_core.package_identification:_identify(log) by extension 'ignore'
[0.353s] Level 1:colcon.colcon_core.package_identification:_identify(log) ignored
[0.353s] Level 1:colcon.colcon_core.package_identification:_identify(src) by extensions ['ignore', 'ignore_ament_install']
[0.354s] Level 1:colcon.colcon_core.package_identification:_identify(src) by extension 'ignore'
[0.354s] Level 1:colcon.colcon_core.package_identification:_identify(src) by extension 'ignore_ament_install'
[0.354s] Level 1:colcon.colcon_core.package_identification:_identify(src) by extensions ['colcon_pkg']
[0.354s] Level 1:colcon.colcon_core.package_identification:_identify(src) by extension 'colcon_pkg'
[0.354s] Level 1:colcon.colcon_core.package_identification:_identify(src) by extensions ['colcon_meta']
[0.354s] Level 1:colcon.colcon_core.package_identification:_identify(src) by extension 'colcon_meta'
[0.354s] Level 1:colcon.colcon_core.package_identification:_identify(src) by extensions ['ros']
[0.354s] Level 1:colcon.colcon_core.package_identification:_identify(src) by extension 'ros'
[0.354s] Level 1:colcon.colcon_core.package_identification:_identify(src) by extensions ['cmake', 'python']
[0.354s] Level 1:colcon.colcon_core.package_identification:_identify(src) by extension 'cmake'
[0.354s] Level 1:colcon.colcon_core.package_identification:_identify(src) by extension 'python'
[0.354s] Level 1:colcon.colcon_core.package_identification:_identify(src) by extensions ['python_setup_py']
[0.354s] Level 1:colcon.colcon_core.package_identification:_identify(src) by extension 'python_setup_py'
[0.354s] Level 1:colcon.colcon_core.package_identification:_identify(src/delta_description) by extensions ['ignore', 'ignore_ament_install']
[0.354s] Level 1:colcon.colcon_core.package_identification:_identify(src/delta_description) by extension 'ignore'
[0.354s] Level 1:colcon.colcon_core.package_identification:_identify(src/delta_description) by extension 'ignore_ament_install'
[0.354s] Level 1:colcon.colcon_core.package_identification:_identify(src/delta_description) by extensions ['colcon_pkg']
[0.354s] Level 1:colcon.colcon_core.package_identification:_identify(src/delta_description) by extension 'colcon_pkg'
[0.354s] Level 1:colcon.colcon_core.package_identification:_identify(src/delta_description) by extensions ['colcon_meta']
[0.354s] Level 1:colcon.colcon_core.package_identification:_identify(src/delta_description) by extension 'colcon_meta'
[0.354s] Level 1:colcon.colcon_core.package_identification:_identify(src/delta_description) by extensions ['ros']
[0.354s] Level 1:colcon.colcon_core.package_identification:_identify(src/delta_description) by extension 'ros'
[0.357s] DEBUG:colcon.colcon_core.package_identification:Package 'src/delta_description' with type 'ros.ament_cmake' and name 'delta_description'
[0.357s] Level 1:colcon.colcon_core.package_identification:_identify(src/kinematics) by extensions ['ignore', 'ignore_ament_install']
[0.357s] Level 1:colcon.colcon_core.package_identification:_identify(src/kinematics) by extension 'ignore'
[0.357s] Level 1:colcon.colcon_core.package_identification:_identify(src/kinematics) by extension 'ignore_ament_install'
[0.357s] Level 1:colcon.colcon_core.package_identification:_identify(src/kinematics) by extensions ['colcon_pkg']
[0.357s] Level 1:colcon.colcon_core.package_identification:_identify(src/kinematics) by extension 'colcon_pkg'
[0.357s] Level 1:colcon.colcon_core.package_identification:_identify(src/kinematics) by extensions ['colcon_meta']
[0.357s] Level 1:colcon.colcon_core.package_identification:_identify(src/kinematics) by extension 'colcon_meta'
[0.357s] Level 1:colcon.colcon_core.package_identification:_identify(src/kinematics) by extensions ['ros']
[0.357s] Level 1:colcon.colcon_core.package_identification:_identify(src/kinematics) by extension 'ros'
[0.358s] DEBUG:colcon.colcon_core.package_identification:Package 'src/kinematics' with type 'ros.ament_python' and name 'kinematics'
[0.358s] Level 1:colcon.colcon_core.package_discovery:discover_packages(recursive) using defaults
[0.358s] Level 1:colcon.colcon_core.package_discovery:discover_packages(ignore) discover
[0.358s] Level 1:colcon.colcon_core.package_discovery:discover_packages(ignore) using defaults
[0.358s] Level 1:colcon.colcon_core.package_discovery:discover_packages(path) discover
[0.358s] Level 1:colcon.colcon_core.package_discovery:discover_packages(path) using defaults
[0.381s] Level 1:colcon.colcon_core.package_discovery:discover_packages(prefix_path) check parameters
[0.381s] Level 1:colcon.colcon_core.package_discovery:discover_packages(prefix_path) discover
[0.384s] DEBUG:colcon.colcon_installed_package_information.package_discovery:Found 3 installed packages in /home/thilaks/ROS2/zed_ws/install
[0.386s] DEBUG:colcon.colcon_installed_package_information.package_discovery:Found 302 installed packages in /opt/ros/humble
[0.399s] Level 1:colcon.colcon_core.package_discovery:discover_packages(prefix_path) using defaults
[0.439s] Level 5:colcon.colcon_core.verb:set package 'delta_description' build argument 'cmake_args' from command line to 'None'
[0.439s] Level 5:colcon.colcon_core.verb:set package 'delta_description' build argument 'cmake_target' from command line to 'None'
[0.439s] Level 5:colcon.colcon_core.verb:set package 'delta_description' build argument 'cmake_target_skip_unavailable' from command line to 'False'
[0.439s] Level 5:colcon.colcon_core.verb:set package 'delta_description' build argument 'cmake_clean_cache' from command line to 'False'
[0.439s] Level 5:colcon.colcon_core.verb:set package 'delta_description' build argument 'cmake_clean_first' from command line to 'False'
[0.439s] Level 5:colcon.colcon_core.verb:set package 'delta_description' build argument 'cmake_force_configure' from command line to 'False'
[0.439s] Level 5:colcon.colcon_core.verb:set package 'delta_description' build argument 'ament_cmake_args' from command line to 'None'
[0.439s] Level 5:colcon.colcon_core.verb:set package 'delta_description' build argument 'catkin_cmake_args' from command line to 'None'
[0.439s] Level 5:colcon.colcon_core.verb:set package 'delta_description' build argument 'catkin_skip_building_tests' from command line to 'False'
[0.439s] DEBUG:colcon.colcon_core.verb:Building package 'delta_description' with the following arguments: {'ament_cmake_args': None, 'build_base': '/home/thilaks/ROS2/Codelta_ws/build/delta_description', 'catkin_cmake_args': None, 'catkin_skip_building_tests': False, 'cmake_args': None, 'cmake_clean_cache': False, 'cmake_clean_first': False, 'cmake_force_configure': False, 'cmake_target': None, 'cmake_target_skip_unavailable': False, 'install_base': '/home/thilaks/ROS2/Codelta_ws/install/delta_description', 'merge_install': False, 'path': '/home/thilaks/ROS2/Codelta_ws/src/delta_description', 'symlink_install': False, 'test_result_base': None}
[0.439s] Level 5:colcon.colcon_core.verb:set package 'kinematics' build argument 'cmake_args' from command line to 'None'
[0.439s] Level 5:colcon.colcon_core.verb:set package 'kinematics' build argument 'cmake_target' from command line to 'None'
[0.439s] Level 5:colcon.colcon_core.verb:set package 'kinematics' build argument 'cmake_target_skip_unavailable' from command line to 'False'
[0.439s] Level 5:colcon.colcon_core.verb:set package 'kinematics' build argument 'cmake_clean_cache' from command line to 'False'
[0.439s] Level 5:colcon.colcon_core.verb:set package 'kinematics' build argument 'cmake_clean_first' from command line to 'False'
[0.439s] Level 5:colcon.colcon_core.verb:set package 'kinematics' build argument 'cmake_force_configure' from command line to 'False'
[0.440s] Level 5:colcon.colcon_core.verb:set package 'kinematics' build argument 'ament_cmake_args' from command line to 'None'
[0.440s] Level 5:colcon.colcon_core.verb:set package 'kinematics' build argument 'catkin_cmake_args' from command line to 'None'
[0.440s] Level 5:colcon.colcon_core.verb:set package 'kinematics' build argument 'catkin_skip_building_tests' from command line to 'False'
[0.440s] DEBUG:colcon.colcon_core.verb:Building package 'kinematics' with the following arguments: {'ament_cmake_args': None, 'build_base': '/home/thilaks/ROS2/Codelta_ws/build/kinematics', 'catkin_cmake_args': None, 'catkin_skip_building_tests': False, 'cmake_args': None, 'cmake_clean_cache': False, 'cmake_clean_first': False, 'cmake_force_configure': False, 'cmake_target': None, 'cmake_target_skip_unavailable': False, 'install_base': '/home/thilaks/ROS2/Codelta_ws/install/kinematics', 'merge_install': False, 'path': '/home/thilaks/ROS2/Codelta_ws/src/kinematics', 'symlink_install': False, 'test_result_base': None}
[0.440s] INFO:colcon.colcon_core.executor:Executing jobs using 'parallel' executor
[0.441s] DEBUG:colcon.colcon_parallel_executor.executor.parallel:run_until_complete
[0.441s] INFO:colcon.colcon_ros.task.ament_cmake.build:Building ROS package in '/home/thilaks/ROS2/Codelta_ws/src/delta_description' with build type 'ament_cmake'
[0.441s] INFO:colcon.colcon_cmake.task.cmake.build:Building CMake package in '/home/thilaks/ROS2/Codelta_ws/src/delta_description'
[0.444s] INFO:colcon.colcon_core.plugin_system:Skipping extension 'colcon_core.shell.bat': Not used on non-Windows systems
[0.445s] INFO:colcon.colcon_core.shell:Skip shell extension 'powershell' for command environment: Not usable outside of PowerShell
[0.445s] DEBUG:colcon.colcon_core.shell:Skip shell extension 'dsv' for command environment
[0.448s] INFO:colcon.colcon_ros.task.ament_python.build:Building ROS package in '/home/thilaks/ROS2/Codelta_ws/src/kinematics' with build type 'ament_python'
[0.449s] Level 1:colcon.colcon_core.shell:create_environment_hook('kinematics', 'ament_prefix_path')
[0.449s] INFO:colcon.colcon_core.shell:Creating environment hook '/home/thilaks/ROS2/Codelta_ws/install/kinematics/share/kinematics/hook/ament_prefix_path.ps1'
[0.450s] INFO:colcon.colcon_core.shell:Creating environment descriptor '/home/thilaks/ROS2/Codelta_ws/install/kinematics/share/kinematics/hook/ament_prefix_path.dsv'
[0.450s] INFO:colcon.colcon_core.shell:Creating environment hook '/home/thilaks/ROS2/Codelta_ws/install/kinematics/share/kinematics/hook/ament_prefix_path.sh'
[0.451s] INFO:colcon.colcon_core.shell:Skip shell extension 'powershell' for command environment: Not usable outside of PowerShell
[0.451s] DEBUG:colcon.colcon_core.shell:Skip shell extension 'dsv' for command environment
[0.460s] DEBUG:colcon.colcon_core.event_handler.log_command:Invoking command in '/home/thilaks/ROS2/Codelta_ws/build/delta_description': CMAKE_PREFIX_PATH=${CMAKE_PREFIX_PATH}:/opt/ros/humble /usr/bin/cmake /home/thilaks/ROS2/Codelta_ws/src/delta_description -DCMAKE_INSTALL_PREFIX=/home/thilaks/ROS2/Codelta_ws/install/delta_description
[0.676s] INFO:colcon.colcon_core.task.python.build:Building Python package in '/home/thilaks/ROS2/Codelta_ws/src/kinematics'
[0.676s] INFO:colcon.colcon_core.shell:Skip shell extension 'powershell' for command environment: Not usable outside of PowerShell
[0.676s] DEBUG:colcon.colcon_core.shell:Skip shell extension 'dsv' for command environment
[1.073s] DEBUG:colcon.colcon_core.event_handler.log_command:Invoking command in '/home/thilaks/ROS2/Codelta_ws/src/kinematics': PYTHONPATH=/home/thilaks/ROS2/Codelta_ws/build/kinematics/prefix_override:/usr/lib/python3/dist-packages/colcon_core/task/python/colcon_distutils_commands:/home/thilaks/ROS2/Codelta_ws/install/kinematics/lib/python3.10/site-packages:${PYTHONPATH} /usr/bin/python3 -W ignore:setup.py install is deprecated -W ignore:easy_install command is deprecated setup.py egg_info --egg-base ../../build/kinematics build --build-base /home/thilaks/ROS2/Codelta_ws/build/kinematics/build install --record /home/thilaks/ROS2/Codelta_ws/build/kinematics/install.log --single-version-externally-managed install_data
[1.316s] DEBUG:colcon.colcon_core.event_handler.log_command:Invoked command in '/home/thilaks/ROS2/Codelta_ws/src/kinematics' returned '0': PYTHONPATH=/home/thilaks/ROS2/Codelta_ws/build/kinematics/prefix_override:/usr/lib/python3/dist-packages/colcon_core/task/python/colcon_distutils_commands:/home/thilaks/ROS2/Codelta_ws/install/kinematics/lib/python3.10/site-packages:${PYTHONPATH} /usr/bin/python3 -W ignore:setup.py install is deprecated -W ignore:easy_install command is deprecated setup.py egg_info --egg-base ../../build/kinematics build --build-base /home/thilaks/ROS2/Codelta_ws/build/kinematics/build install --record /home/thilaks/ROS2/Codelta_ws/build/kinematics/install.log --single-version-externally-managed install_data
[1.322s] Level 1:colcon.colcon_core.environment:checking '/home/thilaks/ROS2/Codelta_ws/install/kinematics' for CMake module files
[1.322s] Level 1:colcon.colcon_core.environment:checking '/home/thilaks/ROS2/Codelta_ws/install/kinematics' for CMake config files
[1.323s] Level 1:colcon.colcon_core.environment:checking '/home/thilaks/ROS2/Codelta_ws/install/kinematics/lib'
[1.323s] Level 1:colcon.colcon_core.environment:checking '/home/thilaks/ROS2/Codelta_ws/install/kinematics/bin'
[1.323s] Level 1:colcon.colcon_core.environment:checking '/home/thilaks/ROS2/Codelta_ws/install/kinematics/lib/pkgconfig/kinematics.pc'
[1.323s] Level 1:colcon.colcon_core.environment:checking '/home/thilaks/ROS2/Codelta_ws/install/kinematics/lib/python3.10/site-packages'
[1.324s] Level 1:colcon.colcon_core.shell:create_environment_hook('kinematics', 'pythonpath')
[1.324s] INFO:colcon.colcon_core.shell:Creating environment hook '/home/thilaks/ROS2/Codelta_ws/install/kinematics/share/kinematics/hook/pythonpath.ps1'
[1.324s] INFO:colcon.colcon_core.shell:Creating environment descriptor '/home/thilaks/ROS2/Codelta_ws/install/kinematics/share/kinematics/hook/pythonpath.dsv'
[1.324s] INFO:colcon.colcon_core.shell:Creating environment hook '/home/thilaks/ROS2/Codelta_ws/install/kinematics/share/kinematics/hook/pythonpath.sh'
[1.325s] Level 1:colcon.colcon_core.environment:checking '/home/thilaks/ROS2/Codelta_ws/install/kinematics/bin'
[1.325s] Level 1:colcon.colcon_core.environment:create_environment_scripts_only(kinematics)
[1.325s] INFO:colcon.colcon_core.shell:Creating package script '/home/thilaks/ROS2/Codelta_ws/install/kinematics/share/kinematics/package.ps1'
[1.326s] INFO:colcon.colcon_core.shell:Creating package descriptor '/home/thilaks/ROS2/Codelta_ws/install/kinematics/share/kinematics/package.dsv'
[1.327s] INFO:colcon.colcon_core.shell:Creating package script '/home/thilaks/ROS2/Codelta_ws/install/kinematics/share/kinematics/package.sh'
[1.329s] INFO:colcon.colcon_core.shell:Creating package script '/home/thilaks/ROS2/Codelta_ws/install/kinematics/share/kinematics/package.bash'
[1.330s] INFO:colcon.colcon_core.shell:Creating package script '/home/thilaks/ROS2/Codelta_ws/install/kinematics/share/kinematics/package.zsh'
[1.332s] Level 1:colcon.colcon_core.environment:create_file_with_runtime_dependencies(/home/thilaks/ROS2/Codelta_ws/install/kinematics/share/colcon-core/packages/kinematics)
[1.334s] DEBUG:colcon.colcon_core.event_handler.log_command:Invoked command in '/home/thilaks/ROS2/Codelta_ws/build/delta_description' returned '0': CMAKE_PREFIX_PATH=${CMAKE_PREFIX_PATH}:/opt/ros/humble /usr/bin/cmake /home/thilaks/ROS2/Codelta_ws/src/delta_description -DCMAKE_INSTALL_PREFIX=/home/thilaks/ROS2/Codelta_ws/install/delta_description
[1.338s] DEBUG:colcon.colcon_core.event_handler.log_command:Invoking command in '/home/thilaks/ROS2/Codelta_ws/build/delta_description': CMAKE_PREFIX_PATH=${CMAKE_PREFIX_PATH}:/opt/ros/humble /usr/bin/cmake --build /home/thilaks/ROS2/Codelta_ws/build/delta_description -- -j12 -l12
[1.390s] DEBUG:colcon.colcon_core.event_handler.log_command:Invoked command in '/home/thilaks/ROS2/Codelta_ws/build/delta_description' returned '0': CMAKE_PREFIX_PATH=${CMAKE_PREFIX_PATH}:/opt/ros/humble /usr/bin/cmake --build /home/thilaks/ROS2/Codelta_ws/build/delta_description -- -j12 -l12
[1.403s] DEBUG:colcon.colcon_core.event_handler.log_command:Invoking command in '/home/thilaks/ROS2/Codelta_ws/build/delta_description': CMAKE_PREFIX_PATH=${CMAKE_PREFIX_PATH}:/opt/ros/humble /usr/bin/cmake --install /home/thilaks/ROS2/Codelta_ws/build/delta_description
[1.424s] Level 1:colcon.colcon_core.environment:create_environment_scripts_only(delta_description)
[1.425s] DEBUG:colcon.colcon_core.event_handler.log_command:Invoked command in '/home/thilaks/ROS2/Codelta_ws/build/delta_description' returned '0': CMAKE_PREFIX_PATH=${CMAKE_PREFIX_PATH}:/opt/ros/humble /usr/bin/cmake --install /home/thilaks/ROS2/Codelta_ws/build/delta_description
[1.425s] Level 1:colcon.colcon_core.environment:checking '/home/thilaks/ROS2/Codelta_ws/install/delta_description' for CMake module files
[1.426s] Level 1:colcon.colcon_core.environment:checking '/home/thilaks/ROS2/Codelta_ws/install/delta_description' for CMake config files
[1.427s] Level 1:colcon.colcon_core.shell:create_environment_hook('delta_description', 'cmake_prefix_path')
[1.427s] INFO:colcon.colcon_core.shell:Creating environment hook '/home/thilaks/ROS2/Codelta_ws/install/delta_description/share/delta_description/hook/cmake_prefix_path.ps1'
[1.428s] INFO:colcon.colcon_core.shell:Creating environment descriptor '/home/thilaks/ROS2/Codelta_ws/install/delta_description/share/delta_description/hook/cmake_prefix_path.dsv'
[1.429s] INFO:colcon.colcon_core.shell:Creating environment hook '/home/thilaks/ROS2/Codelta_ws/install/delta_description/share/delta_description/hook/cmake_prefix_path.sh'
[1.430s] Level 1:colcon.colcon_core.environment:checking '/home/thilaks/ROS2/Codelta_ws/install/delta_description/bin'
[1.430s] Level 1:colcon.colcon_core.environment:checking '/home/thilaks/ROS2/Codelta_ws/install/delta_description/lib/pkgconfig/delta_description.pc'
[1.430s] Level 1:colcon.colcon_core.environment:checking '/home/thilaks/ROS2/Codelta_ws/install/delta_description/lib/python3.10/site-packages'
[1.431s] Level 1:colcon.colcon_core.environment:checking '/home/thilaks/ROS2/Codelta_ws/install/delta_description/bin'
[1.431s] INFO:colcon.colcon_core.shell:Creating package script '/home/thilaks/ROS2/Codelta_ws/install/delta_description/share/delta_description/package.ps1'
[1.432s] INFO:colcon.colcon_core.shell:Creating package descriptor '/home/thilaks/ROS2/Codelta_ws/install/delta_description/share/delta_description/package.dsv'
[1.433s] INFO:colcon.colcon_core.shell:Creating package script '/home/thilaks/ROS2/Codelta_ws/install/delta_description/share/delta_description/package.sh'
[1.434s] INFO:colcon.colcon_core.shell:Creating package script '/home/thilaks/ROS2/Codelta_ws/install/delta_description/share/delta_description/package.bash'
[1.434s] INFO:colcon.colcon_core.shell:Creating package script '/home/thilaks/ROS2/Codelta_ws/install/delta_description/share/delta_description/package.zsh'
[1.435s] Level 1:colcon.colcon_core.environment:create_file_with_runtime_dependencies(/home/thilaks/ROS2/Codelta_ws/install/delta_description/share/colcon-core/packages/delta_description)
[1.436s] Level 1:colcon.colcon_core.environment:create_environment_scripts_only(delta_description)
[1.437s] Level 1:colcon.colcon_core.environment:checking '/home/thilaks/ROS2/Codelta_ws/install/delta_description' for CMake module files
[1.438s] Level 1:colcon.colcon_core.environment:checking '/home/thilaks/ROS2/Codelta_ws/install/delta_description' for CMake config files
[1.438s] Level 1:colcon.colcon_core.shell:create_environment_hook('delta_description', 'cmake_prefix_path')
[1.438s] INFO:colcon.colcon_core.shell:Creating environment hook '/home/thilaks/ROS2/Codelta_ws/install/delta_description/share/delta_description/hook/cmake_prefix_path.ps1'
[1.439s] INFO:colcon.colcon_core.shell:Creating environment descriptor '/home/thilaks/ROS2/Codelta_ws/install/delta_description/share/delta_description/hook/cmake_prefix_path.dsv'
[1.440s] INFO:colcon.colcon_core.shell:Creating environment hook '/home/thilaks/ROS2/Codelta_ws/install/delta_description/share/delta_description/hook/cmake_prefix_path.sh'
[1.441s] Level 1:colcon.colcon_core.environment:checking '/home/thilaks/ROS2/Codelta_ws/install/delta_description/bin'
[1.441s] Level 1:colcon.colcon_core.environment:checking '/home/thilaks/ROS2/Codelta_ws/install/delta_description/lib/pkgconfig/delta_description.pc'
[1.442s] Level 1:colcon.colcon_core.environment:checking '/home/thilaks/ROS2/Codelta_ws/install/delta_description/lib/python3.10/site-packages'
[1.442s] Level 1:colcon.colcon_core.environment:checking '/home/thilaks/ROS2/Codelta_ws/install/delta_description/bin'
[1.443s] INFO:colcon.colcon_core.shell:Creating package script '/home/thilaks/ROS2/Codelta_ws/install/delta_description/share/delta_description/package.ps1'
[1.444s] INFO:colcon.colcon_core.shell:Creating package descriptor '/home/thilaks/ROS2/Codelta_ws/install/delta_description/share/delta_description/package.dsv'
[1.445s] INFO:colcon.colcon_core.shell:Creating package script '/home/thilaks/ROS2/Codelta_ws/install/delta_description/share/delta_description/package.sh'
[1.446s] INFO:colcon.colcon_core.shell:Creating package script '/home/thilaks/ROS2/Codelta_ws/install/delta_description/share/delta_description/package.bash'
[1.447s] INFO:colcon.colcon_core.shell:Creating package script '/home/thilaks/ROS2/Codelta_ws/install/delta_description/share/delta_description/package.zsh'
[1.447s] Level 1:colcon.colcon_core.environment:create_file_with_runtime_dependencies(/home/thilaks/ROS2/Codelta_ws/install/delta_description/share/colcon-core/packages/delta_description)
[1.448s] DEBUG:colcon.colcon_parallel_executor.executor.parallel:closing loop
[1.448s] DEBUG:colcon.colcon_parallel_executor.executor.parallel:loop closed
[1.449s] DEBUG:colcon.colcon_parallel_executor.executor.parallel:run_until_complete finished with '0'
[1.449s] DEBUG:colcon.colcon_core.event_reactor:joining thread
[1.462s] INFO:colcon.colcon_core.plugin_system:Skipping extension 'colcon_notification.desktop_notification.terminal_notifier': Not used on non-Darwin systems
[1.463s] INFO:colcon.colcon_core.plugin_system:Skipping extension 'colcon_notification.desktop_notification.win32': Not used on non-Windows systems
[1.463s] INFO:colcon.colcon_notification.desktop_notification:Sending desktop notification using 'notify2'
[1.488s] DEBUG:colcon.colcon_core.event_reactor:joined thread
[1.489s] INFO:colcon.colcon_core.shell:Creating prefix script '/home/thilaks/ROS2/Codelta_ws/install/local_setup.ps1'
[1.491s] INFO:colcon.colcon_core.shell:Creating prefix util module '/home/thilaks/ROS2/Codelta_ws/install/_local_setup_util_ps1.py'
[1.494s] INFO:colcon.colcon_core.shell:Creating prefix chain script '/home/thilaks/ROS2/Codelta_ws/install/setup.ps1'
[1.497s] INFO:colcon.colcon_core.shell:Creating prefix script '/home/thilaks/ROS2/Codelta_ws/install/local_setup.sh'
[1.498s] INFO:colcon.colcon_core.shell:Creating prefix util module '/home/thilaks/ROS2/Codelta_ws/install/_local_setup_util_sh.py'
[1.499s] INFO:colcon.colcon_core.shell:Creating prefix chain script '/home/thilaks/ROS2/Codelta_ws/install/setup.sh'
[1.502s] INFO:colcon.colcon_core.shell:Creating prefix script '/home/thilaks/ROS2/Codelta_ws/install/local_setup.bash'
[1.503s] INFO:colcon.colcon_core.shell:Creating prefix chain script '/home/thilaks/ROS2/Codelta_ws/install/setup.bash'
[1.505s] INFO:colcon.colcon_core.shell:Creating prefix script '/home/thilaks/ROS2/Codelta_ws/install/local_setup.zsh'
[1.507s] INFO:colcon.colcon_core.shell:Creating prefix chain script '/home/thilaks/ROS2/Codelta_ws/install/setup.zsh'
