[0.555s] Invoking command in '/home/thilaks/ROS2/Codelta_ws/src/delta_gz_sim': PYTHONPATH=/home/thilaks/ROS2/Codelta_ws/build/delta_gz_sim/prefix_override:/usr/lib/python3/dist-packages/colcon_core/task/python/colcon_distutils_commands:/home/thilaks/ROS2/Codelta_ws/install/delta_gz_sim/lib/python3.10/site-packages:${PYTHONPATH} /usr/bin/python3 -W ignore:setup.py install is deprecated -W ignore:easy_install command is deprecated setup.py egg_info --egg-base ../../build/delta_gz_sim build --build-base /home/thilaks/ROS2/Codelta_ws/build/delta_gz_sim/build install --record /home/thilaks/ROS2/Codelta_ws/build/delta_gz_sim/install.log --single-version-externally-managed install_data
[0.744s] running egg_info
[0.744s] creating ../../build/delta_gz_sim/delta_gz_sim.egg-info
[0.745s] writing ../../build/delta_gz_sim/delta_gz_sim.egg-info/PKG-INFO
[0.745s] writing dependency_links to ../../build/delta_gz_sim/delta_gz_sim.egg-info/dependency_links.txt
[0.745s] writing entry points to ../../build/delta_gz_sim/delta_gz_sim.egg-info/entry_points.txt
[0.745s] writing requirements to ../../build/delta_gz_sim/delta_gz_sim.egg-info/requires.txt
[0.745s] writing top-level names to ../../build/delta_gz_sim/delta_gz_sim.egg-info/top_level.txt
[0.745s] writing manifest file '../../build/delta_gz_sim/delta_gz_sim.egg-info/SOURCES.txt'
[0.746s] reading manifest file '../../build/delta_gz_sim/delta_gz_sim.egg-info/SOURCES.txt'
[0.747s] writing manifest file '../../build/delta_gz_sim/delta_gz_sim.egg-info/SOURCES.txt'
[0.747s] running build
[0.747s] running build_py
[0.747s] creating /home/thilaks/ROS2/Codelta_ws/build/delta_gz_sim/build
[0.748s] creating /home/thilaks/ROS2/Codelta_ws/build/delta_gz_sim/build/lib
[0.748s] creating /home/thilaks/ROS2/Codelta_ws/build/delta_gz_sim/build/lib/delta_gz_sim
[0.748s] copying delta_gz_sim/__init__.py -> /home/thilaks/ROS2/Codelta_ws/build/delta_gz_sim/build/lib/delta_gz_sim
[0.748s] running install
[0.748s] running install_lib
[0.748s] creating /home/thilaks/ROS2/Codelta_ws/install/delta_gz_sim/lib/python3.10/site-packages/delta_gz_sim
[0.748s] copying /home/thilaks/ROS2/Codelta_ws/build/delta_gz_sim/build/lib/delta_gz_sim/__init__.py -> /home/thilaks/ROS2/Codelta_ws/install/delta_gz_sim/lib/python3.10/site-packages/delta_gz_sim
[0.749s] byte-compiling /home/thilaks/ROS2/Codelta_ws/install/delta_gz_sim/lib/python3.10/site-packages/delta_gz_sim/__init__.py to __init__.cpython-310.pyc
[0.749s] running install_data
[0.749s] creating /home/thilaks/ROS2/Codelta_ws/install/delta_gz_sim/share/ament_index
[0.749s] creating /home/thilaks/ROS2/Codelta_ws/install/delta_gz_sim/share/ament_index/resource_index
[0.750s] creating /home/thilaks/ROS2/Codelta_ws/install/delta_gz_sim/share/ament_index/resource_index/packages
[0.750s] copying resource/delta_gz_sim -> /home/thilaks/ROS2/Codelta_ws/install/delta_gz_sim/share/ament_index/resource_index/packages
[0.750s] copying package.xml -> /home/thilaks/ROS2/Codelta_ws/install/delta_gz_sim/share/delta_gz_sim
[0.750s] running install_egg_info
[0.751s] Copying ../../build/delta_gz_sim/delta_gz_sim.egg-info to /home/thilaks/ROS2/Codelta_ws/install/delta_gz_sim/lib/python3.10/site-packages/delta_gz_sim-0.0.0-py3.10.egg-info
[0.752s] running install_scripts
[0.769s] writing list of installed files to '/home/thilaks/ROS2/Codelta_ws/build/delta_gz_sim/install.log'
[0.797s] Invoked command in '/home/thilaks/ROS2/Codelta_ws/src/delta_gz_sim' returned '0': PYTHONPATH=/home/thilaks/ROS2/Codelta_ws/build/delta_gz_sim/prefix_override:/usr/lib/python3/dist-packages/colcon_core/task/python/colcon_distutils_commands:/home/thilaks/ROS2/Codelta_ws/install/delta_gz_sim/lib/python3.10/site-packages:${PYTHONPATH} /usr/bin/python3 -W ignore:setup.py install is deprecated -W ignore:easy_install command is deprecated setup.py egg_info --egg-base ../../build/delta_gz_sim build --build-base /home/thilaks/ROS2/Codelta_ws/build/delta_gz_sim/build install --record /home/thilaks/ROS2/Codelta_ws/build/delta_gz_sim/install.log --single-version-externally-managed install_data
