[0.018s] Invoking command in '/home/thilaks/ROS2/Codelta_ws/build/delta_description': CMAKE_PREFIX_PATH=${CMAKE_PREFIX_PATH}:/opt/ros/humble /usr/bin/cmake /home/thilaks/ROS2/Codelta_ws/src/delta_description -DCMAKE_INSTALL_PREFIX=/home/thilaks/ROS2/Codelta_ws/install/delta_description
[0.147s] -- The C compiler identification is GNU 11.4.0
[0.257s] -- The CXX compiler identification is GNU 11.4.0
[0.274s] -- Detecting C compiler ABI info
[0.362s] -- Detecting C compiler ABI info - done
[0.368s] -- Check for working C compiler: /usr/bin/cc - skipped
[0.369s] -- Detecting C compile features
[0.369s] -- Detecting C compile features - done
[0.373s] -- Detecting CXX compiler ABI info
[0.459s] -- Detecting CXX compiler ABI info - done
[0.479s] -- Check for working CXX compiler: /usr/bin/c++ - skipped
[0.480s] -- Detecting CXX compile features
[0.481s] -- Detecting CXX compile features - done
[0.490s] -- Found ament_cmake: 1.3.11 (/opt/ros/humble/share/ament_cmake/cmake)
[0.643s] -- Found Python3: /usr/bin/python3 (found version "3.10.12") found components: Interpreter 
[0.752s] -- Found ament_lint_auto: 0.12.12 (/opt/ros/humble/share/ament_lint_auto/cmake)
[0.865s] -- Added test 'lint_cmake' to check CMake code style
[0.867s] -- Added test 'xmllint' to check XML markup files
[0.869s] -- Configuring done
[0.873s] -- Generating done
[0.875s] -- Build files have been written to: /home/thilaks/ROS2/Codelta_ws/build/delta_description
[0.893s] Invoked command in '/home/thilaks/ROS2/Codelta_ws/build/delta_description' returned '0': CMAKE_PREFIX_PATH=${CMAKE_PREFIX_PATH}:/opt/ros/humble /usr/bin/cmake /home/thilaks/ROS2/Codelta_ws/src/delta_description -DCMAKE_INSTALL_PREFIX=/home/thilaks/ROS2/Codelta_ws/install/delta_description
[0.897s] Invoking command in '/home/thilaks/ROS2/Codelta_ws/build/delta_description': CMAKE_PREFIX_PATH=${CMAKE_PREFIX_PATH}:/opt/ros/humble /usr/bin/cmake --build /home/thilaks/ROS2/Codelta_ws/build/delta_description -- -j12 -l12
[0.949s] Invoked command in '/home/thilaks/ROS2/Codelta_ws/build/delta_description' returned '0': CMAKE_PREFIX_PATH=${CMAKE_PREFIX_PATH}:/opt/ros/humble /usr/bin/cmake --build /home/thilaks/ROS2/Codelta_ws/build/delta_description -- -j12 -l12
[0.962s] Invoking command in '/home/thilaks/ROS2/Codelta_ws/build/delta_description': CMAKE_PREFIX_PATH=${CMAKE_PREFIX_PATH}:/opt/ros/humble /usr/bin/cmake --install /home/thilaks/ROS2/Codelta_ws/build/delta_description
[0.978s] -- Install configuration: ""
[0.978s] -- Installing: /home/thilaks/ROS2/Codelta_ws/install/delta_description/share/ament_index/resource_index/package_run_dependencies/delta_description
[0.979s] -- Installing: /home/thilaks/ROS2/Codelta_ws/install/delta_description/share/ament_index/resource_index/parent_prefix_path/delta_description
[0.979s] -- Installing: /home/thilaks/ROS2/Codelta_ws/install/delta_description/share/delta_description/environment/ament_prefix_path.sh
[0.979s] -- Installing: /home/thilaks/ROS2/Codelta_ws/install/delta_description/share/delta_description/environment/ament_prefix_path.dsv
[0.979s] -- Installing: /home/thilaks/ROS2/Codelta_ws/install/delta_description/share/delta_description/environment/path.sh
[0.979s] -- Installing: /home/thilaks/ROS2/Codelta_ws/install/delta_description/share/delta_description/environment/path.dsv
[0.979s] -- Installing: /home/thilaks/ROS2/Codelta_ws/install/delta_description/share/delta_description/local_setup.bash
[0.979s] -- Installing: /home/thilaks/ROS2/Codelta_ws/install/delta_description/share/delta_description/local_setup.sh
[0.980s] -- Installing: /home/thilaks/ROS2/Codelta_ws/install/delta_description/share/delta_description/local_setup.zsh
[0.980s] -- Installing: /home/thilaks/ROS2/Codelta_ws/install/delta_description/share/delta_description/local_setup.dsv
[0.980s] -- Installing: /home/thilaks/ROS2/Codelta_ws/install/delta_description/share/delta_description/package.dsv
[0.980s] -- Installing: /home/thilaks/ROS2/Codelta_ws/install/delta_description/share/ament_index/resource_index/packages/delta_description
[0.980s] -- Installing: /home/thilaks/ROS2/Codelta_ws/install/delta_description/share/delta_description/cmake/delta_descriptionConfig.cmake
[0.980s] -- Installing: /home/thilaks/ROS2/Codelta_ws/install/delta_description/share/delta_description/cmake/delta_descriptionConfig-version.cmake
[0.981s] -- Installing: /home/thilaks/ROS2/Codelta_ws/install/delta_description/share/delta_description/package.xml
[0.983s] Invoked command in '/home/thilaks/ROS2/Codelta_ws/build/delta_description' returned '0': CMAKE_PREFIX_PATH=${CMAKE_PREFIX_PATH}:/opt/ros/humble /usr/bin/cmake --install /home/thilaks/ROS2/Codelta_ws/build/delta_description
