[0.554s] Invoking command in '/home/thilaks/ROS2/Codelta_ws/src/delta_gz_sim': PYTHONPATH=/home/thilaks/ROS2/Codelta_ws/build/delta_gz_sim/prefix_override:/usr/lib/python3/dist-packages/colcon_core/task/python/colcon_distutils_commands:/home/thilaks/ROS2/Codelta_ws/install/delta_gz_sim/lib/python3.10/site-packages:${PYTHONPATH} /usr/bin/python3 -W ignore:setup.py install is deprecated -W ignore:easy_install command is deprecated setup.py egg_info --egg-base ../../build/delta_gz_sim build --build-base /home/thilaks/ROS2/Codelta_ws/build/delta_gz_sim/build install --record /home/thilaks/ROS2/Codelta_ws/build/delta_gz_sim/install.log --single-version-externally-managed install_data
[0.755s] running egg_info
[0.756s] writing ../../build/delta_gz_sim/delta_gz_sim.egg-info/PKG-INFO
[0.756s] writing dependency_links to ../../build/delta_gz_sim/delta_gz_sim.egg-info/dependency_links.txt
[0.756s] writing entry points to ../../build/delta_gz_sim/delta_gz_sim.egg-info/entry_points.txt
[0.756s] writing requirements to ../../build/delta_gz_sim/delta_gz_sim.egg-info/requires.txt
[0.756s] writing top-level names to ../../build/delta_gz_sim/delta_gz_sim.egg-info/top_level.txt
[0.758s] reading manifest file '../../build/delta_gz_sim/delta_gz_sim.egg-info/SOURCES.txt'
[0.759s] writing manifest file '../../build/delta_gz_sim/delta_gz_sim.egg-info/SOURCES.txt'
[0.759s] running build
[0.759s] running build_py
[0.759s] running install
[0.759s] running install_lib
[0.760s] running install_data
[0.760s] running install_egg_info
[0.762s] removing '/home/thilaks/ROS2/Codelta_ws/install/delta_gz_sim/lib/python3.10/site-packages/delta_gz_sim-0.0.0-py3.10.egg-info' (and everything under it)
[0.762s] Copying ../../build/delta_gz_sim/delta_gz_sim.egg-info to /home/thilaks/ROS2/Codelta_ws/install/delta_gz_sim/lib/python3.10/site-packages/delta_gz_sim-0.0.0-py3.10.egg-info
[0.763s] running install_scripts
[0.781s] writing list of installed files to '/home/thilaks/ROS2/Codelta_ws/build/delta_gz_sim/install.log'
[0.808s] Invoked command in '/home/thilaks/ROS2/Codelta_ws/src/delta_gz_sim' returned '0': PYTHONPATH=/home/thilaks/ROS2/Codelta_ws/build/delta_gz_sim/prefix_override:/usr/lib/python3/dist-packages/colcon_core/task/python/colcon_distutils_commands:/home/thilaks/ROS2/Codelta_ws/install/delta_gz_sim/lib/python3.10/site-packages:${PYTHONPATH} /usr/bin/python3 -W ignore:setup.py install is deprecated -W ignore:easy_install command is deprecated setup.py egg_info --egg-base ../../build/delta_gz_sim build --build-base /home/thilaks/ROS2/Codelta_ws/build/delta_gz_sim/build install --record /home/thilaks/ROS2/Codelta_ws/build/delta_gz_sim/install.log --single-version-externally-managed install_data
